2023-03-30 22:37:26,427 INFO o.s.b.StartupInfoLogger [main] Starting FlightsServiceApplication using Java 17.0.4.1 on IN-HD1Z2J3 with PID 22140 (C:\Users\varindersingh01\Desktop\NAGP\Microservices Assignment Implementation\flights-service\target\classes started by varindersingh01 in C:\Users\varindersingh01\Desktop\NAGP\Microservices Assignment Implementation\flights-service)
2023-03-30 22:37:26,437 INFO o.s.b.SpringApplication [main] No active profile set, falling back to 1 default profile: "default"
2023-03-30 22:37:27,858 INFO o.s.c.c.s.GenericScope [main] BeanFactory id=dd225091-e766-374d-b379-e51a00483257
2023-03-30 22:37:28,303 INFO o.s.b.w.e.t.TomcatWebServer [main] Tomcat initialized with port(s): 7000 (http)
2023-03-30 22:37:28,316 INFO o.a.j.l.DirectJDKLog [main] Initializing ProtocolHandler ["http-nio-7000"]
2023-03-30 22:37:28,317 INFO o.a.j.l.DirectJDKLog [main] Starting service [Tomcat]
2023-03-30 22:37:28,318 INFO o.a.j.l.DirectJDKLog [main] Starting Servlet engine: [Apache Tomcat/9.0.73]
2023-03-30 22:37:28,535 INFO o.a.j.l.DirectJDKLog [main] Initializing Spring embedded WebApplicationContext
2023-03-30 22:37:28,535 INFO o.s.b.w.s.c.ServletWebServerApplicationContext [main] Root WebApplicationContext: initialization completed in 2034 ms
2023-03-30 22:37:29,889 INFO o.s.c.n.e.c.DiscoveryClientOptionalArgsConfiguration [main] Eureka HTTP Client uses RestTemplate.
2023-03-30 22:37:30,214 WARN o.s.c.l.c.LoadBalancerCacheAutoConfiguration$LoadBalancerCaffeineWarnLogger [main] Spring Cloud LoadBalancer is currently working with the default cache. While this cache implementation is useful for development and tests, it's recommended to use Caffeine cache in production.You can switch to using Caffeine cache, by adding it and org.springframework.cache.caffeine.CaffeineCacheManager to the classpath.
2023-03-30 22:37:30,316 INFO o.s.c.n.e.InstanceInfoFactory [main] Setting initial instance status as: STARTING
2023-03-30 22:37:30,370 INFO c.n.d.DiscoveryClient [main] Initializing Eureka in region us-east-1
2023-03-30 22:37:30,375 INFO c.n.d.s.r.a.ConfigClusterResolver [main] Resolving eureka endpoints via configuration
2023-03-30 22:37:30,409 INFO c.n.d.DiscoveryClient [main] Disable delta property : false
2023-03-30 22:37:30,409 INFO c.n.d.DiscoveryClient [main] Single vip registry refresh property : null
2023-03-30 22:37:30,409 INFO c.n.d.DiscoveryClient [main] Force full registry fetch : false
2023-03-30 22:37:30,409 INFO c.n.d.DiscoveryClient [main] Application is null : false
2023-03-30 22:37:30,410 INFO c.n.d.DiscoveryClient [main] Registered Applications size is zero : true
2023-03-30 22:37:30,410 INFO c.n.d.DiscoveryClient [main] Application version is -1: true
2023-03-30 22:37:30,410 INFO c.n.d.DiscoveryClient [main] Getting all instance registry info from the eureka server
2023-03-30 22:37:30,842 INFO c.n.d.DiscoveryClient [main] The response status is 200
2023-03-30 22:37:30,846 INFO c.n.d.DiscoveryClient [main] Starting heartbeat executor: renew interval is: 30
2023-03-30 22:37:30,850 INFO c.n.d.InstanceInfoReplicator [main] InstanceInfoReplicator onDemand update allowed rate per min is 4
2023-03-30 22:37:30,857 INFO c.n.d.DiscoveryClient [main] Discovery Client initialized at timestamp 1680196050856 with initial instances count: 4
2023-03-30 22:37:30,859 INFO o.s.c.n.e.s.EurekaServiceRegistry [main] Registering application FLIGHTS-SERVICE with eureka with status UP
2023-03-30 22:37:30,860 INFO c.n.d.DiscoveryClient$3 [main] Saw local status change event StatusChangeEvent [timestamp=1680196050860, current=UP, previous=STARTING]
2023-03-30 22:37:30,863 INFO c.n.d.DiscoveryClient [DiscoveryClient-InstanceInfoReplicator-0] DiscoveryClient_FLIGHTS-SERVICE/IN-HD1Z2J3.Nagarro.local:flights-service:7000: registering service...
2023-03-30 22:37:30,864 INFO o.a.j.l.DirectJDKLog [main] Starting ProtocolHandler ["http-nio-7000"]
2023-03-30 22:37:30,899 INFO o.s.b.w.e.t.TomcatWebServer [main] Tomcat started on port(s): 7000 (http) with context path ''
2023-03-30 22:37:30,901 INFO o.s.c.n.e.s.EurekaAutoServiceRegistration [main] Updating port to 7000
2023-03-30 22:37:30,910 INFO c.n.d.DiscoveryClient [DiscoveryClient-InstanceInfoReplicator-0] DiscoveryClient_FLIGHTS-SERVICE/IN-HD1Z2J3.Nagarro.local:flights-service:7000 - registration status: 204
2023-03-30 22:37:33,309 INFO o.s.j.c.SingleConnectionFactory [main] Encountered a JMSException - resetting the underlying JMS Connection
javax.jms.JMSException: Could not connect to broker URL: tcp://IN-HD1Z2J3:61616. Reason: java.net.ConnectException: Connection refused: no further information
	at org.apache.activemq.util.JMSExceptionSupport.create(JMSExceptionSupport.java:38) ~[activemq-client-5.16.6.jar:5.16.6]
	at org.apache.activemq.ActiveMQConnectionFactory.createActiveMQConnection(ActiveMQConnectionFactory.java:374) ~[activemq-client-5.16.6.jar:5.16.6]
	at org.apache.activemq.ActiveMQConnectionFactory.createActiveMQConnection(ActiveMQConnectionFactory.java:304) ~[activemq-client-5.16.6.jar:5.16.6]
	at org.apache.activemq.ActiveMQConnectionFactory.createConnection(ActiveMQConnectionFactory.java:244) ~[activemq-client-5.16.6.jar:5.16.6]
	at org.springframework.jms.connection.SingleConnectionFactory.doCreateConnection(SingleConnectionFactory.java:428) ~[spring-jms-5.3.26.jar:5.3.26]
	at org.springframework.jms.connection.SingleConnectionFactory.initConnection(SingleConnectionFactory.java:353) ~[spring-jms-5.3.26.jar:5.3.26]
	at org.springframework.jms.connection.SingleConnectionFactory.getConnection(SingleConnectionFactory.java:328) ~[spring-jms-5.3.26.jar:5.3.26]
	at org.springframework.jms.connection.SingleConnectionFactory.createConnection(SingleConnectionFactory.java:243) ~[spring-jms-5.3.26.jar:5.3.26]
	at org.springframework.jms.support.JmsAccessor.createConnection(JmsAccessor.java:197) ~[spring-jms-5.3.26.jar:5.3.26]
	at org.springframework.jms.listener.AbstractJmsListeningContainer.createSharedConnection(AbstractJmsListeningContainer.java:412) ~[spring-jms-5.3.26.jar:5.3.26]
	at org.springframework.jms.listener.AbstractJmsListeningContainer.establishSharedConnection(AbstractJmsListeningContainer.java:380) ~[spring-jms-5.3.26.jar:5.3.26]
	at org.springframework.jms.listener.DefaultMessageListenerContainer.establishSharedConnection(DefaultMessageListenerContainer.java:863) ~[spring-jms-5.3.26.jar:5.3.26]
	at org.springframework.jms.listener.AbstractJmsListeningContainer.doStart(AbstractJmsListeningContainer.java:292) ~[spring-jms-5.3.26.jar:5.3.26]
	at org.springframework.jms.listener.AbstractJmsListeningContainer.start(AbstractJmsListeningContainer.java:277) ~[spring-jms-5.3.26.jar:5.3.26]
	at org.springframework.jms.listener.DefaultMessageListenerContainer.start(DefaultMessageListenerContainer.java:657) ~[spring-jms-5.3.26.jar:5.3.26]
	at org.springframework.jms.config.JmsListenerEndpointRegistry.startIfNecessary(JmsListenerEndpointRegistry.java:242) ~[spring-jms-5.3.26.jar:5.3.26]
	at org.springframework.jms.config.JmsListenerEndpointRegistry.start(JmsListenerEndpointRegistry.java:205) ~[spring-jms-5.3.26.jar:5.3.26]
	at org.springframework.context.support.DefaultLifecycleProcessor.doStart(DefaultLifecycleProcessor.java:178) ~[spring-context-5.3.26.jar:5.3.26]
	at org.springframework.context.support.DefaultLifecycleProcessor.access$200(DefaultLifecycleProcessor.java:54) ~[spring-context-5.3.26.jar:5.3.26]
	at org.springframework.context.support.DefaultLifecycleProcessor$LifecycleGroup.start(DefaultLifecycleProcessor.java:356) ~[spring-context-5.3.26.jar:5.3.26]
	at java.lang.Iterable.forEach(Iterable.java:75) ~[?:?]
	at org.springframework.context.support.DefaultLifecycleProcessor.startBeans(DefaultLifecycleProcessor.java:155) ~[spring-context-5.3.26.jar:5.3.26]
	at org.springframework.context.support.DefaultLifecycleProcessor.onRefresh(DefaultLifecycleProcessor.java:123) ~[spring-context-5.3.26.jar:5.3.26]
	at org.springframework.context.support.AbstractApplicationContext.finishRefresh(AbstractApplicationContext.java:937) ~[spring-context-5.3.26.jar:5.3.26]
	at org.springframework.context.support.AbstractApplicationContext.refresh(AbstractApplicationContext.java:586) ~[spring-context-5.3.26.jar:5.3.26]
	at org.springframework.boot.web.servlet.context.ServletWebServerApplicationContext.refresh(ServletWebServerApplicationContext.java:147) ~[spring-boot-2.7.10.jar:2.7.10]
	at org.springframework.boot.SpringApplication.refresh(SpringApplication.java:731) ~[spring-boot-2.7.10.jar:2.7.10]
	at org.springframework.boot.SpringApplication.refreshContext(SpringApplication.java:408) ~[spring-boot-2.7.10.jar:2.7.10]
	at org.springframework.boot.SpringApplication.run(SpringApplication.java:307) ~[spring-boot-2.7.10.jar:2.7.10]
	at org.springframework.boot.SpringApplication.run(SpringApplication.java:1303) ~[spring-boot-2.7.10.jar:2.7.10]
	at org.springframework.boot.SpringApplication.run(SpringApplication.java:1292) ~[spring-boot-2.7.10.jar:2.7.10]
	at com.nagarro.nagp.flightsservice.FlightsServiceApplication.main(FlightsServiceApplication.java:18) ~[classes/:?]
Caused by: java.net.ConnectException: Connection refused: no further information
	at sun.nio.ch.Net.pollConnect(Native Method) ~[?:?]
	at sun.nio.ch.Net.pollConnectNow(Net.java:672) ~[?:?]
	at sun.nio.ch.NioSocketImpl.timedFinishConnect(NioSocketImpl.java:549) ~[?:?]
	at sun.nio.ch.NioSocketImpl.connect(NioSocketImpl.java:597) ~[?:?]
	at java.net.SocksSocketImpl.connect(SocksSocketImpl.java:327) ~[?:?]
	at java.net.Socket.connect(Socket.java:633) ~[?:?]
	at org.apache.activemq.transport.tcp.TcpTransport.connect(TcpTransport.java:525) ~[activemq-client-5.16.6.jar:5.16.6]
	at org.apache.activemq.transport.tcp.TcpTransport.doStart(TcpTransport.java:488) ~[activemq-client-5.16.6.jar:5.16.6]
	at org.apache.activemq.util.ServiceSupport.start(ServiceSupport.java:55) ~[activemq-client-5.16.6.jar:5.16.6]
	at org.apache.activemq.transport.AbstractInactivityMonitor.start(AbstractInactivityMonitor.java:169) ~[activemq-client-5.16.6.jar:5.16.6]
	at org.apache.activemq.transport.InactivityMonitor.start(InactivityMonitor.java:52) ~[activemq-client-5.16.6.jar:5.16.6]
	at org.apache.activemq.transport.TransportFilter.start(TransportFilter.java:64) ~[activemq-client-5.16.6.jar:5.16.6]
	at org.apache.activemq.transport.WireFormatNegotiator.start(WireFormatNegotiator.java:72) ~[activemq-client-5.16.6.jar:5.16.6]
	at org.apache.activemq.transport.TransportFilter.start(TransportFilter.java:64) ~[activemq-client-5.16.6.jar:5.16.6]
	at org.apache.activemq.transport.TransportFilter.start(TransportFilter.java:64) ~[activemq-client-5.16.6.jar:5.16.6]
	at org.apache.activemq.ActiveMQConnectionFactory.createActiveMQConnection(ActiveMQConnectionFactory.java:354) ~[activemq-client-5.16.6.jar:5.16.6]
	... 30 more
2023-03-30 22:37:35,374 INFO o.s.j.c.SingleConnectionFactory [main] Encountered a JMSException - resetting the underlying JMS Connection
javax.jms.JMSException: Could not connect to broker URL: tcp://IN-HD1Z2J3:61616. Reason: java.net.ConnectException: Connection refused: no further information
	at org.apache.activemq.util.JMSExceptionSupport.create(JMSExceptionSupport.java:38) ~[activemq-client-5.16.6.jar:5.16.6]
	at org.apache.activemq.ActiveMQConnectionFactory.createActiveMQConnection(ActiveMQConnectionFactory.java:374) ~[activemq-client-5.16.6.jar:5.16.6]
	at org.apache.activemq.ActiveMQConnectionFactory.createActiveMQConnection(ActiveMQConnectionFactory.java:304) ~[activemq-client-5.16.6.jar:5.16.6]
	at org.apache.activemq.ActiveMQConnectionFactory.createConnection(ActiveMQConnectionFactory.java:244) ~[activemq-client-5.16.6.jar:5.16.6]
	at org.springframework.jms.connection.SingleConnectionFactory.doCreateConnection(SingleConnectionFactory.java:428) ~[spring-jms-5.3.26.jar:5.3.26]
	at org.springframework.jms.connection.SingleConnectionFactory.initConnection(SingleConnectionFactory.java:353) ~[spring-jms-5.3.26.jar:5.3.26]
	at org.springframework.jms.connection.SingleConnectionFactory.getConnection(SingleConnectionFactory.java:328) ~[spring-jms-5.3.26.jar:5.3.26]
	at org.springframework.jms.connection.SingleConnectionFactory.createConnection(SingleConnectionFactory.java:243) ~[spring-jms-5.3.26.jar:5.3.26]
	at org.springframework.jms.support.JmsAccessor.createConnection(JmsAccessor.java:197) ~[spring-jms-5.3.26.jar:5.3.26]
	at org.springframework.jms.listener.AbstractJmsListeningContainer.createSharedConnection(AbstractJmsListeningContainer.java:412) ~[spring-jms-5.3.26.jar:5.3.26]
	at org.springframework.jms.listener.AbstractJmsListeningContainer.establishSharedConnection(AbstractJmsListeningContainer.java:380) ~[spring-jms-5.3.26.jar:5.3.26]
	at org.springframework.jms.listener.DefaultMessageListenerContainer.establishSharedConnection(DefaultMessageListenerContainer.java:863) ~[spring-jms-5.3.26.jar:5.3.26]
	at org.springframework.jms.listener.AbstractJmsListeningContainer.doStart(AbstractJmsListeningContainer.java:292) ~[spring-jms-5.3.26.jar:5.3.26]
	at org.springframework.jms.listener.AbstractJmsListeningContainer.start(AbstractJmsListeningContainer.java:277) ~[spring-jms-5.3.26.jar:5.3.26]
	at org.springframework.jms.listener.DefaultMessageListenerContainer.start(DefaultMessageListenerContainer.java:657) ~[spring-jms-5.3.26.jar:5.3.26]
	at org.springframework.jms.config.JmsListenerEndpointRegistry.startIfNecessary(JmsListenerEndpointRegistry.java:242) ~[spring-jms-5.3.26.jar:5.3.26]
	at org.springframework.jms.config.JmsListenerEndpointRegistry.start(JmsListenerEndpointRegistry.java:205) ~[spring-jms-5.3.26.jar:5.3.26]
	at org.springframework.context.support.DefaultLifecycleProcessor.doStart(DefaultLifecycleProcessor.java:178) ~[spring-context-5.3.26.jar:5.3.26]
	at org.springframework.context.support.DefaultLifecycleProcessor.access$200(DefaultLifecycleProcessor.java:54) ~[spring-context-5.3.26.jar:5.3.26]
	at org.springframework.context.support.DefaultLifecycleProcessor$LifecycleGroup.start(DefaultLifecycleProcessor.java:356) ~[spring-context-5.3.26.jar:5.3.26]
	at java.lang.Iterable.forEach(Iterable.java:75) ~[?:?]
	at org.springframework.context.support.DefaultLifecycleProcessor.startBeans(DefaultLifecycleProcessor.java:155) ~[spring-context-5.3.26.jar:5.3.26]
	at org.springframework.context.support.DefaultLifecycleProcessor.onRefresh(DefaultLifecycleProcessor.java:123) ~[spring-context-5.3.26.jar:5.3.26]
	at org.springframework.context.support.AbstractApplicationContext.finishRefresh(AbstractApplicationContext.java:937) ~[spring-context-5.3.26.jar:5.3.26]
	at org.springframework.context.support.AbstractApplicationContext.refresh(AbstractApplicationContext.java:586) ~[spring-context-5.3.26.jar:5.3.26]
	at org.springframework.boot.web.servlet.context.ServletWebServerApplicationContext.refresh(ServletWebServerApplicationContext.java:147) ~[spring-boot-2.7.10.jar:2.7.10]
	at org.springframework.boot.SpringApplication.refresh(SpringApplication.java:731) ~[spring-boot-2.7.10.jar:2.7.10]
	at org.springframework.boot.SpringApplication.refreshContext(SpringApplication.java:408) ~[spring-boot-2.7.10.jar:2.7.10]
	at org.springframework.boot.SpringApplication.run(SpringApplication.java:307) ~[spring-boot-2.7.10.jar:2.7.10]
	at org.springframework.boot.SpringApplication.run(SpringApplication.java:1303) ~[spring-boot-2.7.10.jar:2.7.10]
	at org.springframework.boot.SpringApplication.run(SpringApplication.java:1292) ~[spring-boot-2.7.10.jar:2.7.10]
	at com.nagarro.nagp.flightsservice.FlightsServiceApplication.main(FlightsServiceApplication.java:18) ~[classes/:?]
Caused by: java.net.ConnectException: Connection refused: no further information
	at sun.nio.ch.Net.pollConnect(Native Method) ~[?:?]
	at sun.nio.ch.Net.pollConnectNow(Net.java:672) ~[?:?]
	at sun.nio.ch.NioSocketImpl.timedFinishConnect(NioSocketImpl.java:549) ~[?:?]
	at sun.nio.ch.NioSocketImpl.connect(NioSocketImpl.java:597) ~[?:?]
	at java.net.SocksSocketImpl.connect(SocksSocketImpl.java:327) ~[?:?]
	at java.net.Socket.connect(Socket.java:633) ~[?:?]
	at org.apache.activemq.transport.tcp.TcpTransport.connect(TcpTransport.java:525) ~[activemq-client-5.16.6.jar:5.16.6]
	at org.apache.activemq.transport.tcp.TcpTransport.doStart(TcpTransport.java:488) ~[activemq-client-5.16.6.jar:5.16.6]
	at org.apache.activemq.util.ServiceSupport.start(ServiceSupport.java:55) ~[activemq-client-5.16.6.jar:5.16.6]
	at org.apache.activemq.transport.AbstractInactivityMonitor.start(AbstractInactivityMonitor.java:169) ~[activemq-client-5.16.6.jar:5.16.6]
	at org.apache.activemq.transport.InactivityMonitor.start(InactivityMonitor.java:52) ~[activemq-client-5.16.6.jar:5.16.6]
	at org.apache.activemq.transport.TransportFilter.start(TransportFilter.java:64) ~[activemq-client-5.16.6.jar:5.16.6]
	at org.apache.activemq.transport.WireFormatNegotiator.start(WireFormatNegotiator.java:72) ~[activemq-client-5.16.6.jar:5.16.6]
	at org.apache.activemq.transport.TransportFilter.start(TransportFilter.java:64) ~[activemq-client-5.16.6.jar:5.16.6]
	at org.apache.activemq.transport.TransportFilter.start(TransportFilter.java:64) ~[activemq-client-5.16.6.jar:5.16.6]
	at org.apache.activemq.ActiveMQConnectionFactory.createActiveMQConnection(ActiveMQConnectionFactory.java:354) ~[activemq-client-5.16.6.jar:5.16.6]
	... 30 more
2023-03-30 22:37:35,389 INFO o.s.b.StartupInfoLogger [main] Started FlightsServiceApplication in 9.658 seconds (JVM running for 11.287)
2023-03-30 22:37:40,373 INFO o.s.j.c.SingleConnectionFactory [org.springframework.jms.JmsListenerEndpointContainer#1-1] Encountered a JMSException - resetting the underlying JMS Connection
javax.jms.JMSException: Could not connect to broker URL: tcp://IN-HD1Z2J3:61616. Reason: java.net.ConnectException: Connection refused: no further information
	at org.apache.activemq.util.JMSExceptionSupport.create(JMSExceptionSupport.java:38) ~[activemq-client-5.16.6.jar:5.16.6]
	at org.apache.activemq.ActiveMQConnectionFactory.createActiveMQConnection(ActiveMQConnectionFactory.java:374) ~[activemq-client-5.16.6.jar:5.16.6]
	at org.apache.activemq.ActiveMQConnectionFactory.createActiveMQConnection(ActiveMQConnectionFactory.java:304) ~[activemq-client-5.16.6.jar:5.16.6]
	at org.apache.activemq.ActiveMQConnectionFactory.createConnection(ActiveMQConnectionFactory.java:244) ~[activemq-client-5.16.6.jar:5.16.6]
	at org.springframework.jms.connection.SingleConnectionFactory.doCreateConnection(SingleConnectionFactory.java:428) ~[spring-jms-5.3.26.jar:5.3.26]
	at org.springframework.jms.connection.SingleConnectionFactory.initConnection(SingleConnectionFactory.java:353) ~[spring-jms-5.3.26.jar:5.3.26]
	at org.springframework.jms.connection.SingleConnectionFactory.getConnection(SingleConnectionFactory.java:328) ~[spring-jms-5.3.26.jar:5.3.26]
	at org.springframework.jms.connection.SingleConnectionFactory.createConnection(SingleConnectionFactory.java:243) ~[spring-jms-5.3.26.jar:5.3.26]
	at org.springframework.jms.support.JmsAccessor.createConnection(JmsAccessor.java:197) ~[spring-jms-5.3.26.jar:5.3.26]
	at org.springframework.jms.listener.AbstractJmsListeningContainer.createSharedConnection(AbstractJmsListeningContainer.java:412) ~[spring-jms-5.3.26.jar:5.3.26]
	at org.springframework.jms.listener.AbstractJmsListeningContainer.refreshSharedConnection(AbstractJmsListeningContainer.java:397) ~[spring-jms-5.3.26.jar:5.3.26]
	at org.springframework.jms.listener.DefaultMessageListenerContainer.refreshConnectionUntilSuccessful(DefaultMessageListenerContainer.java:985) ~[spring-jms-5.3.26.jar:5.3.26]
	at org.springframework.jms.listener.DefaultMessageListenerContainer.recoverAfterListenerSetupFailure(DefaultMessageListenerContainer.java:959) ~[spring-jms-5.3.26.jar:5.3.26]
	at org.springframework.jms.listener.DefaultMessageListenerContainer$AsyncMessageListenerInvoker.run(DefaultMessageListenerContainer.java:1146) ~[spring-jms-5.3.26.jar:5.3.26]
	at java.lang.Thread.run(Thread.java:833) ~[?:?]
Caused by: java.net.ConnectException: Connection refused: no further information
	at sun.nio.ch.Net.pollConnect(Native Method) ~[?:?]
	at sun.nio.ch.Net.pollConnectNow(Net.java:672) ~[?:?]
	at sun.nio.ch.NioSocketImpl.timedFinishConnect(NioSocketImpl.java:549) ~[?:?]
	at sun.nio.ch.NioSocketImpl.connect(NioSocketImpl.java:597) ~[?:?]
	at java.net.SocksSocketImpl.connect(SocksSocketImpl.java:327) ~[?:?]
	at java.net.Socket.connect(Socket.java:633) ~[?:?]
	at org.apache.activemq.transport.tcp.TcpTransport.connect(TcpTransport.java:525) ~[activemq-client-5.16.6.jar:5.16.6]
	at org.apache.activemq.transport.tcp.TcpTransport.doStart(TcpTransport.java:488) ~[activemq-client-5.16.6.jar:5.16.6]
	at org.apache.activemq.util.ServiceSupport.start(ServiceSupport.java:55) ~[activemq-client-5.16.6.jar:5.16.6]
	at org.apache.activemq.transport.AbstractInactivityMonitor.start(AbstractInactivityMonitor.java:169) ~[activemq-client-5.16.6.jar:5.16.6]
	at org.apache.activemq.transport.InactivityMonitor.start(InactivityMonitor.java:52) ~[activemq-client-5.16.6.jar:5.16.6]
	at org.apache.activemq.transport.TransportFilter.start(TransportFilter.java:64) ~[activemq-client-5.16.6.jar:5.16.6]
	at org.apache.activemq.transport.WireFormatNegotiator.start(WireFormatNegotiator.java:72) ~[activemq-client-5.16.6.jar:5.16.6]
	at org.apache.activemq.transport.TransportFilter.start(TransportFilter.java:64) ~[activemq-client-5.16.6.jar:5.16.6]
	at org.apache.activemq.transport.TransportFilter.start(TransportFilter.java:64) ~[activemq-client-5.16.6.jar:5.16.6]
	at org.apache.activemq.ActiveMQConnectionFactory.createActiveMQConnection(ActiveMQConnectionFactory.java:354) ~[activemq-client-5.16.6.jar:5.16.6]
	... 13 more
2023-03-30 22:37:40,376 ERROR o.s.j.l.DefaultMessageListenerContainer [org.springframework.jms.JmsListenerEndpointContainer#1-1] Could not refresh JMS Connection for destination 'OrderFlightBookSeatsConfirm' - retrying using FixedBackOff{interval=5000, currentAttempts=0, maxAttempts=unlimited}. Cause: Could not connect to broker URL: tcp://IN-HD1Z2J3:61616. Reason: java.net.ConnectException: Connection refused: no further information
2023-03-30 22:37:42,430 INFO o.s.j.c.SingleConnectionFactory [org.springframework.jms.JmsListenerEndpointContainer#0-1] Encountered a JMSException - resetting the underlying JMS Connection
javax.jms.JMSException: Could not connect to broker URL: tcp://IN-HD1Z2J3:61616. Reason: java.net.ConnectException: Connection refused: no further information
	at org.apache.activemq.util.JMSExceptionSupport.create(JMSExceptionSupport.java:38) ~[activemq-client-5.16.6.jar:5.16.6]
	at org.apache.activemq.ActiveMQConnectionFactory.createActiveMQConnection(ActiveMQConnectionFactory.java:374) ~[activemq-client-5.16.6.jar:5.16.6]
	at org.apache.activemq.ActiveMQConnectionFactory.createActiveMQConnection(ActiveMQConnectionFactory.java:304) ~[activemq-client-5.16.6.jar:5.16.6]
	at org.apache.activemq.ActiveMQConnectionFactory.createConnection(ActiveMQConnectionFactory.java:244) ~[activemq-client-5.16.6.jar:5.16.6]
	at org.springframework.jms.connection.SingleConnectionFactory.doCreateConnection(SingleConnectionFactory.java:428) ~[spring-jms-5.3.26.jar:5.3.26]
	at org.springframework.jms.connection.SingleConnectionFactory.initConnection(SingleConnectionFactory.java:353) ~[spring-jms-5.3.26.jar:5.3.26]
	at org.springframework.jms.connection.SingleConnectionFactory.getConnection(SingleConnectionFactory.java:328) ~[spring-jms-5.3.26.jar:5.3.26]
	at org.springframework.jms.connection.SingleConnectionFactory.createConnection(SingleConnectionFactory.java:243) ~[spring-jms-5.3.26.jar:5.3.26]
	at org.springframework.jms.support.JmsAccessor.createConnection(JmsAccessor.java:197) ~[spring-jms-5.3.26.jar:5.3.26]
	at org.springframework.jms.listener.AbstractJmsListeningContainer.createSharedConnection(AbstractJmsListeningContainer.java:412) ~[spring-jms-5.3.26.jar:5.3.26]
	at org.springframework.jms.listener.AbstractJmsListeningContainer.refreshSharedConnection(AbstractJmsListeningContainer.java:397) ~[spring-jms-5.3.26.jar:5.3.26]
	at org.springframework.jms.listener.DefaultMessageListenerContainer.refreshConnectionUntilSuccessful(DefaultMessageListenerContainer.java:985) ~[spring-jms-5.3.26.jar:5.3.26]
	at org.springframework.jms.listener.DefaultMessageListenerContainer.recoverAfterListenerSetupFailure(DefaultMessageListenerContainer.java:959) ~[spring-jms-5.3.26.jar:5.3.26]
	at org.springframework.jms.listener.DefaultMessageListenerContainer$AsyncMessageListenerInvoker.run(DefaultMessageListenerContainer.java:1146) ~[spring-jms-5.3.26.jar:5.3.26]
	at java.lang.Thread.run(Thread.java:833) ~[?:?]
Caused by: java.net.ConnectException: Connection refused: no further information
	at sun.nio.ch.Net.pollConnect(Native Method) ~[?:?]
	at sun.nio.ch.Net.pollConnectNow(Net.java:672) ~[?:?]
	at sun.nio.ch.NioSocketImpl.timedFinishConnect(NioSocketImpl.java:549) ~[?:?]
	at sun.nio.ch.NioSocketImpl.connect(NioSocketImpl.java:597) ~[?:?]
	at java.net.SocksSocketImpl.connect(SocksSocketImpl.java:327) ~[?:?]
	at java.net.Socket.connect(Socket.java:633) ~[?:?]
	at org.apache.activemq.transport.tcp.TcpTransport.connect(TcpTransport.java:525) ~[activemq-client-5.16.6.jar:5.16.6]
	at org.apache.activemq.transport.tcp.TcpTransport.doStart(TcpTransport.java:488) ~[activemq-client-5.16.6.jar:5.16.6]
	at org.apache.activemq.util.ServiceSupport.start(ServiceSupport.java:55) ~[activemq-client-5.16.6.jar:5.16.6]
	at org.apache.activemq.transport.AbstractInactivityMonitor.start(AbstractInactivityMonitor.java:169) ~[activemq-client-5.16.6.jar:5.16.6]
	at org.apache.activemq.transport.InactivityMonitor.start(InactivityMonitor.java:52) ~[activemq-client-5.16.6.jar:5.16.6]
	at org.apache.activemq.transport.TransportFilter.start(TransportFilter.java:64) ~[activemq-client-5.16.6.jar:5.16.6]
	at org.apache.activemq.transport.WireFormatNegotiator.start(WireFormatNegotiator.java:72) ~[activemq-client-5.16.6.jar:5.16.6]
	at org.apache.activemq.transport.TransportFilter.start(TransportFilter.java:64) ~[activemq-client-5.16.6.jar:5.16.6]
	at org.apache.activemq.transport.TransportFilter.start(TransportFilter.java:64) ~[activemq-client-5.16.6.jar:5.16.6]
	at org.apache.activemq.ActiveMQConnectionFactory.createActiveMQConnection(ActiveMQConnectionFactory.java:354) ~[activemq-client-5.16.6.jar:5.16.6]
	... 13 more
2023-03-30 22:37:42,431 ERROR o.s.j.l.DefaultMessageListenerContainer [org.springframework.jms.JmsListenerEndpointContainer#0-1] Could not refresh JMS Connection for destination 'OrderFlightCheckSeatsAvailable' - retrying using FixedBackOff{interval=5000, currentAttempts=0, maxAttempts=unlimited}. Cause: Could not connect to broker URL: tcp://IN-HD1Z2J3:61616. Reason: java.net.ConnectException: Connection refused: no further information
2023-03-30 22:37:47,927 INFO o.s.j.c.SingleConnectionFactory [org.springframework.jms.JmsListenerEndpointContainer#1-1] Encountered a JMSException - resetting the underlying JMS Connection
javax.jms.JMSException: Could not connect to broker URL: tcp://IN-HD1Z2J3:61616. Reason: java.net.ConnectException: Connection refused: no further information
	at org.apache.activemq.util.JMSExceptionSupport.create(JMSExceptionSupport.java:38) ~[activemq-client-5.16.6.jar:5.16.6]
	at org.apache.activemq.ActiveMQConnectionFactory.createActiveMQConnection(ActiveMQConnectionFactory.java:374) ~[activemq-client-5.16.6.jar:5.16.6]
	at org.apache.activemq.ActiveMQConnectionFactory.createActiveMQConnection(ActiveMQConnectionFactory.java:304) ~[activemq-client-5.16.6.jar:5.16.6]
	at org.apache.activemq.ActiveMQConnectionFactory.createConnection(ActiveMQConnectionFactory.java:244) ~[activemq-client-5.16.6.jar:5.16.6]
	at org.springframework.jms.connection.SingleConnectionFactory.doCreateConnection(SingleConnectionFactory.java:428) ~[spring-jms-5.3.26.jar:5.3.26]
	at org.springframework.jms.connection.SingleConnectionFactory.initConnection(SingleConnectionFactory.java:353) ~[spring-jms-5.3.26.jar:5.3.26]
	at org.springframework.jms.connection.SingleConnectionFactory.getConnection(SingleConnectionFactory.java:328) ~[spring-jms-5.3.26.jar:5.3.26]
	at org.springframework.jms.connection.SingleConnectionFactory.createConnection(SingleConnectionFactory.java:243) ~[spring-jms-5.3.26.jar:5.3.26]
	at org.springframework.jms.support.JmsAccessor.createConnection(JmsAccessor.java:197) ~[spring-jms-5.3.26.jar:5.3.26]
	at org.springframework.jms.listener.AbstractJmsListeningContainer.createSharedConnection(AbstractJmsListeningContainer.java:412) ~[spring-jms-5.3.26.jar:5.3.26]
	at org.springframework.jms.listener.AbstractJmsListeningContainer.refreshSharedConnection(AbstractJmsListeningContainer.java:397) ~[spring-jms-5.3.26.jar:5.3.26]
	at org.springframework.jms.listener.DefaultMessageListenerContainer.refreshConnectionUntilSuccessful(DefaultMessageListenerContainer.java:985) ~[spring-jms-5.3.26.jar:5.3.26]
	at org.springframework.jms.listener.DefaultMessageListenerContainer.recoverAfterListenerSetupFailure(DefaultMessageListenerContainer.java:959) ~[spring-jms-5.3.26.jar:5.3.26]
	at org.springframework.jms.listener.DefaultMessageListenerContainer$AsyncMessageListenerInvoker.run(DefaultMessageListenerContainer.java:1146) ~[spring-jms-5.3.26.jar:5.3.26]
	at java.lang.Thread.run(Thread.java:833) ~[?:?]
Caused by: java.net.ConnectException: Connection refused: no further information
	at sun.nio.ch.Net.pollConnect(Native Method) ~[?:?]
	at sun.nio.ch.Net.pollConnectNow(Net.java:672) ~[?:?]
	at sun.nio.ch.NioSocketImpl.timedFinishConnect(NioSocketImpl.java:549) ~[?:?]
	at sun.nio.ch.NioSocketImpl.connect(NioSocketImpl.java:597) ~[?:?]
	at java.net.SocksSocketImpl.connect(SocksSocketImpl.java:327) ~[?:?]
	at java.net.Socket.connect(Socket.java:633) ~[?:?]
	at org.apache.activemq.transport.tcp.TcpTransport.connect(TcpTransport.java:525) ~[activemq-client-5.16.6.jar:5.16.6]
	at org.apache.activemq.transport.tcp.TcpTransport.doStart(TcpTransport.java:488) ~[activemq-client-5.16.6.jar:5.16.6]
	at org.apache.activemq.util.ServiceSupport.start(ServiceSupport.java:55) ~[activemq-client-5.16.6.jar:5.16.6]
	at org.apache.activemq.transport.AbstractInactivityMonitor.start(AbstractInactivityMonitor.java:169) ~[activemq-client-5.16.6.jar:5.16.6]
	at org.apache.activemq.transport.InactivityMonitor.start(InactivityMonitor.java:52) ~[activemq-client-5.16.6.jar:5.16.6]
	at org.apache.activemq.transport.TransportFilter.start(TransportFilter.java:64) ~[activemq-client-5.16.6.jar:5.16.6]
	at org.apache.activemq.transport.WireFormatNegotiator.start(WireFormatNegotiator.java:72) ~[activemq-client-5.16.6.jar:5.16.6]
	at org.apache.activemq.transport.TransportFilter.start(TransportFilter.java:64) ~[activemq-client-5.16.6.jar:5.16.6]
	at org.apache.activemq.transport.TransportFilter.start(TransportFilter.java:64) ~[activemq-client-5.16.6.jar:5.16.6]
	at org.apache.activemq.ActiveMQConnectionFactory.createActiveMQConnection(ActiveMQConnectionFactory.java:354) ~[activemq-client-5.16.6.jar:5.16.6]
	... 13 more
2023-03-30 22:37:47,928 ERROR o.s.j.l.DefaultMessageListenerContainer [org.springframework.jms.JmsListenerEndpointContainer#1-1] Could not refresh JMS Connection for destination 'OrderFlightBookSeatsConfirm' - retrying using FixedBackOff{interval=5000, currentAttempts=1, maxAttempts=unlimited}. Cause: Could not connect to broker URL: tcp://IN-HD1Z2J3:61616. Reason: java.net.ConnectException: Connection refused: no further information
2023-03-30 22:37:50,532 INFO o.s.j.c.SingleConnectionFactory [org.springframework.jms.JmsListenerEndpointContainer#0-1] Encountered a JMSException - resetting the underlying JMS Connection
javax.jms.JMSException: Could not connect to broker URL: tcp://IN-HD1Z2J3:61616. Reason: java.net.ConnectException: Connection refused: no further information
	at org.apache.activemq.util.JMSExceptionSupport.create(JMSExceptionSupport.java:38) ~[activemq-client-5.16.6.jar:5.16.6]
	at org.apache.activemq.ActiveMQConnectionFactory.createActiveMQConnection(ActiveMQConnectionFactory.java:374) ~[activemq-client-5.16.6.jar:5.16.6]
	at org.apache.activemq.ActiveMQConnectionFactory.createActiveMQConnection(ActiveMQConnectionFactory.java:304) ~[activemq-client-5.16.6.jar:5.16.6]
	at org.apache.activemq.ActiveMQConnectionFactory.createConnection(ActiveMQConnectionFactory.java:244) ~[activemq-client-5.16.6.jar:5.16.6]
	at org.springframework.jms.connection.SingleConnectionFactory.doCreateConnection(SingleConnectionFactory.java:428) ~[spring-jms-5.3.26.jar:5.3.26]
	at org.springframework.jms.connection.SingleConnectionFactory.initConnection(SingleConnectionFactory.java:353) ~[spring-jms-5.3.26.jar:5.3.26]
	at org.springframework.jms.connection.SingleConnectionFactory.getConnection(SingleConnectionFactory.java:328) ~[spring-jms-5.3.26.jar:5.3.26]
	at org.springframework.jms.connection.SingleConnectionFactory.createConnection(SingleConnectionFactory.java:243) ~[spring-jms-5.3.26.jar:5.3.26]
	at org.springframework.jms.support.JmsAccessor.createConnection(JmsAccessor.java:197) ~[spring-jms-5.3.26.jar:5.3.26]
	at org.springframework.jms.listener.AbstractJmsListeningContainer.createSharedConnection(AbstractJmsListeningContainer.java:412) ~[spring-jms-5.3.26.jar:5.3.26]
	at org.springframework.jms.listener.AbstractJmsListeningContainer.refreshSharedConnection(AbstractJmsListeningContainer.java:397) ~[spring-jms-5.3.26.jar:5.3.26]
	at org.springframework.jms.listener.DefaultMessageListenerContainer.refreshConnectionUntilSuccessful(DefaultMessageListenerContainer.java:985) ~[spring-jms-5.3.26.jar:5.3.26]
	at org.springframework.jms.listener.DefaultMessageListenerContainer.recoverAfterListenerSetupFailure(DefaultMessageListenerContainer.java:959) ~[spring-jms-5.3.26.jar:5.3.26]
	at org.springframework.jms.listener.DefaultMessageListenerContainer$AsyncMessageListenerInvoker.run(DefaultMessageListenerContainer.java:1146) ~[spring-jms-5.3.26.jar:5.3.26]
	at java.lang.Thread.run(Thread.java:833) ~[?:?]
Caused by: java.net.ConnectException: Connection refused: no further information
	at sun.nio.ch.Net.pollConnect(Native Method) ~[?:?]
	at sun.nio.ch.Net.pollConnectNow(Net.java:672) ~[?:?]
	at sun.nio.ch.NioSocketImpl.timedFinishConnect(NioSocketImpl.java:549) ~[?:?]
	at sun.nio.ch.NioSocketImpl.connect(NioSocketImpl.java:597) ~[?:?]
	at java.net.SocksSocketImpl.connect(SocksSocketImpl.java:327) ~[?:?]
	at java.net.Socket.connect(Socket.java:633) ~[?:?]
	at org.apache.activemq.transport.tcp.TcpTransport.connect(TcpTransport.java:525) ~[activemq-client-5.16.6.jar:5.16.6]
	at org.apache.activemq.transport.tcp.TcpTransport.doStart(TcpTransport.java:488) ~[activemq-client-5.16.6.jar:5.16.6]
	at org.apache.activemq.util.ServiceSupport.start(ServiceSupport.java:55) ~[activemq-client-5.16.6.jar:5.16.6]
	at org.apache.activemq.transport.AbstractInactivityMonitor.start(AbstractInactivityMonitor.java:169) ~[activemq-client-5.16.6.jar:5.16.6]
	at org.apache.activemq.transport.InactivityMonitor.start(InactivityMonitor.java:52) ~[activemq-client-5.16.6.jar:5.16.6]
	at org.apache.activemq.transport.TransportFilter.start(TransportFilter.java:64) ~[activemq-client-5.16.6.jar:5.16.6]
	at org.apache.activemq.transport.WireFormatNegotiator.start(WireFormatNegotiator.java:72) ~[activemq-client-5.16.6.jar:5.16.6]
	at org.apache.activemq.transport.TransportFilter.start(TransportFilter.java:64) ~[activemq-client-5.16.6.jar:5.16.6]
	at org.apache.activemq.transport.TransportFilter.start(TransportFilter.java:64) ~[activemq-client-5.16.6.jar:5.16.6]
	at org.apache.activemq.ActiveMQConnectionFactory.createActiveMQConnection(ActiveMQConnectionFactory.java:354) ~[activemq-client-5.16.6.jar:5.16.6]
	... 13 more
2023-03-30 22:37:50,532 ERROR o.s.j.l.DefaultMessageListenerContainer [org.springframework.jms.JmsListenerEndpointContainer#0-1] Could not refresh JMS Connection for destination 'OrderFlightCheckSeatsAvailable' - retrying using FixedBackOff{interval=5000, currentAttempts=1, maxAttempts=unlimited}. Cause: Could not connect to broker URL: tcp://IN-HD1Z2J3:61616. Reason: java.net.ConnectException: Connection refused: no further information
2023-03-30 22:37:54,973 INFO o.s.j.c.SingleConnectionFactory [org.springframework.jms.JmsListenerEndpointContainer#1-1] Encountered a JMSException - resetting the underlying JMS Connection
javax.jms.JMSException: Could not connect to broker URL: tcp://IN-HD1Z2J3:61616. Reason: java.net.ConnectException: Connection refused: no further information
	at org.apache.activemq.util.JMSExceptionSupport.create(JMSExceptionSupport.java:38) ~[activemq-client-5.16.6.jar:5.16.6]
	at org.apache.activemq.ActiveMQConnectionFactory.createActiveMQConnection(ActiveMQConnectionFactory.java:374) ~[activemq-client-5.16.6.jar:5.16.6]
	at org.apache.activemq.ActiveMQConnectionFactory.createActiveMQConnection(ActiveMQConnectionFactory.java:304) ~[activemq-client-5.16.6.jar:5.16.6]
	at org.apache.activemq.ActiveMQConnectionFactory.createConnection(ActiveMQConnectionFactory.java:244) ~[activemq-client-5.16.6.jar:5.16.6]
	at org.springframework.jms.connection.SingleConnectionFactory.doCreateConnection(SingleConnectionFactory.java:428) ~[spring-jms-5.3.26.jar:5.3.26]
	at org.springframework.jms.connection.SingleConnectionFactory.initConnection(SingleConnectionFactory.java:353) ~[spring-jms-5.3.26.jar:5.3.26]
	at org.springframework.jms.connection.SingleConnectionFactory.getConnection(SingleConnectionFactory.java:328) ~[spring-jms-5.3.26.jar:5.3.26]
	at org.springframework.jms.connection.SingleConnectionFactory.createConnection(SingleConnectionFactory.java:243) ~[spring-jms-5.3.26.jar:5.3.26]
	at org.springframework.jms.support.JmsAccessor.createConnection(JmsAccessor.java:197) ~[spring-jms-5.3.26.jar:5.3.26]
	at org.springframework.jms.listener.AbstractJmsListeningContainer.createSharedConnection(AbstractJmsListeningContainer.java:412) ~[spring-jms-5.3.26.jar:5.3.26]
	at org.springframework.jms.listener.AbstractJmsListeningContainer.refreshSharedConnection(AbstractJmsListeningContainer.java:397) ~[spring-jms-5.3.26.jar:5.3.26]
	at org.springframework.jms.listener.DefaultMessageListenerContainer.refreshConnectionUntilSuccessful(DefaultMessageListenerContainer.java:985) ~[spring-jms-5.3.26.jar:5.3.26]
	at org.springframework.jms.listener.DefaultMessageListenerContainer.recoverAfterListenerSetupFailure(DefaultMessageListenerContainer.java:959) ~[spring-jms-5.3.26.jar:5.3.26]
	at org.springframework.jms.listener.DefaultMessageListenerContainer$AsyncMessageListenerInvoker.run(DefaultMessageListenerContainer.java:1146) ~[spring-jms-5.3.26.jar:5.3.26]
	at java.lang.Thread.run(Thread.java:833) ~[?:?]
Caused by: java.net.ConnectException: Connection refused: no further information
	at sun.nio.ch.Net.pollConnect(Native Method) ~[?:?]
	at sun.nio.ch.Net.pollConnectNow(Net.java:672) ~[?:?]
	at sun.nio.ch.NioSocketImpl.timedFinishConnect(NioSocketImpl.java:549) ~[?:?]
	at sun.nio.ch.NioSocketImpl.connect(NioSocketImpl.java:597) ~[?:?]
	at java.net.SocksSocketImpl.connect(SocksSocketImpl.java:327) ~[?:?]
	at java.net.Socket.connect(Socket.java:633) ~[?:?]
	at org.apache.activemq.transport.tcp.TcpTransport.connect(TcpTransport.java:525) ~[activemq-client-5.16.6.jar:5.16.6]
	at org.apache.activemq.transport.tcp.TcpTransport.doStart(TcpTransport.java:488) ~[activemq-client-5.16.6.jar:5.16.6]
	at org.apache.activemq.util.ServiceSupport.start(ServiceSupport.java:55) ~[activemq-client-5.16.6.jar:5.16.6]
	at org.apache.activemq.transport.AbstractInactivityMonitor.start(AbstractInactivityMonitor.java:169) ~[activemq-client-5.16.6.jar:5.16.6]
	at org.apache.activemq.transport.InactivityMonitor.start(InactivityMonitor.java:52) ~[activemq-client-5.16.6.jar:5.16.6]
	at org.apache.activemq.transport.TransportFilter.start(TransportFilter.java:64) ~[activemq-client-5.16.6.jar:5.16.6]
	at org.apache.activemq.transport.WireFormatNegotiator.start(WireFormatNegotiator.java:72) ~[activemq-client-5.16.6.jar:5.16.6]
	at org.apache.activemq.transport.TransportFilter.start(TransportFilter.java:64) ~[activemq-client-5.16.6.jar:5.16.6]
	at org.apache.activemq.transport.TransportFilter.start(TransportFilter.java:64) ~[activemq-client-5.16.6.jar:5.16.6]
	at org.apache.activemq.ActiveMQConnectionFactory.createActiveMQConnection(ActiveMQConnectionFactory.java:354) ~[activemq-client-5.16.6.jar:5.16.6]
	... 13 more
2023-03-30 22:37:54,975 ERROR o.s.j.l.DefaultMessageListenerContainer [org.springframework.jms.JmsListenerEndpointContainer#1-1] Could not refresh JMS Connection for destination 'OrderFlightBookSeatsConfirm' - retrying using FixedBackOff{interval=5000, currentAttempts=2, maxAttempts=unlimited}. Cause: Could not connect to broker URL: tcp://IN-HD1Z2J3:61616. Reason: java.net.ConnectException: Connection refused: no further information
2023-03-30 22:37:57,574 INFO o.s.j.c.SingleConnectionFactory [org.springframework.jms.JmsListenerEndpointContainer#0-1] Encountered a JMSException - resetting the underlying JMS Connection
javax.jms.JMSException: Could not connect to broker URL: tcp://IN-HD1Z2J3:61616. Reason: java.net.ConnectException: Connection refused: no further information
	at org.apache.activemq.util.JMSExceptionSupport.create(JMSExceptionSupport.java:38) ~[activemq-client-5.16.6.jar:5.16.6]
	at org.apache.activemq.ActiveMQConnectionFactory.createActiveMQConnection(ActiveMQConnectionFactory.java:374) ~[activemq-client-5.16.6.jar:5.16.6]
	at org.apache.activemq.ActiveMQConnectionFactory.createActiveMQConnection(ActiveMQConnectionFactory.java:304) ~[activemq-client-5.16.6.jar:5.16.6]
	at org.apache.activemq.ActiveMQConnectionFactory.createConnection(ActiveMQConnectionFactory.java:244) ~[activemq-client-5.16.6.jar:5.16.6]
	at org.springframework.jms.connection.SingleConnectionFactory.doCreateConnection(SingleConnectionFactory.java:428) ~[spring-jms-5.3.26.jar:5.3.26]
	at org.springframework.jms.connection.SingleConnectionFactory.initConnection(SingleConnectionFactory.java:353) ~[spring-jms-5.3.26.jar:5.3.26]
	at org.springframework.jms.connection.SingleConnectionFactory.getConnection(SingleConnectionFactory.java:328) ~[spring-jms-5.3.26.jar:5.3.26]
	at org.springframework.jms.connection.SingleConnectionFactory.createConnection(SingleConnectionFactory.java:243) ~[spring-jms-5.3.26.jar:5.3.26]
	at org.springframework.jms.support.JmsAccessor.createConnection(JmsAccessor.java:197) ~[spring-jms-5.3.26.jar:5.3.26]
	at org.springframework.jms.listener.AbstractJmsListeningContainer.createSharedConnection(AbstractJmsListeningContainer.java:412) ~[spring-jms-5.3.26.jar:5.3.26]
	at org.springframework.jms.listener.AbstractJmsListeningContainer.refreshSharedConnection(AbstractJmsListeningContainer.java:397) ~[spring-jms-5.3.26.jar:5.3.26]
	at org.springframework.jms.listener.DefaultMessageListenerContainer.refreshConnectionUntilSuccessful(DefaultMessageListenerContainer.java:985) ~[spring-jms-5.3.26.jar:5.3.26]
	at org.springframework.jms.listener.DefaultMessageListenerContainer.recoverAfterListenerSetupFailure(DefaultMessageListenerContainer.java:959) ~[spring-jms-5.3.26.jar:5.3.26]
	at org.springframework.jms.listener.DefaultMessageListenerContainer$AsyncMessageListenerInvoker.run(DefaultMessageListenerContainer.java:1146) ~[spring-jms-5.3.26.jar:5.3.26]
	at java.lang.Thread.run(Thread.java:833) ~[?:?]
Caused by: java.net.ConnectException: Connection refused: no further information
	at sun.nio.ch.Net.pollConnect(Native Method) ~[?:?]
	at sun.nio.ch.Net.pollConnectNow(Net.java:672) ~[?:?]
	at sun.nio.ch.NioSocketImpl.timedFinishConnect(NioSocketImpl.java:549) ~[?:?]
	at sun.nio.ch.NioSocketImpl.connect(NioSocketImpl.java:597) ~[?:?]
	at java.net.SocksSocketImpl.connect(SocksSocketImpl.java:327) ~[?:?]
	at java.net.Socket.connect(Socket.java:633) ~[?:?]
	at org.apache.activemq.transport.tcp.TcpTransport.connect(TcpTransport.java:525) ~[activemq-client-5.16.6.jar:5.16.6]
	at org.apache.activemq.transport.tcp.TcpTransport.doStart(TcpTransport.java:488) ~[activemq-client-5.16.6.jar:5.16.6]
	at org.apache.activemq.util.ServiceSupport.start(ServiceSupport.java:55) ~[activemq-client-5.16.6.jar:5.16.6]
	at org.apache.activemq.transport.AbstractInactivityMonitor.start(AbstractInactivityMonitor.java:169) ~[activemq-client-5.16.6.jar:5.16.6]
	at org.apache.activemq.transport.InactivityMonitor.start(InactivityMonitor.java:52) ~[activemq-client-5.16.6.jar:5.16.6]
	at org.apache.activemq.transport.TransportFilter.start(TransportFilter.java:64) ~[activemq-client-5.16.6.jar:5.16.6]
	at org.apache.activemq.transport.WireFormatNegotiator.start(WireFormatNegotiator.java:72) ~[activemq-client-5.16.6.jar:5.16.6]
	at org.apache.activemq.transport.TransportFilter.start(TransportFilter.java:64) ~[activemq-client-5.16.6.jar:5.16.6]
	at org.apache.activemq.transport.TransportFilter.start(TransportFilter.java:64) ~[activemq-client-5.16.6.jar:5.16.6]
	at org.apache.activemq.ActiveMQConnectionFactory.createActiveMQConnection(ActiveMQConnectionFactory.java:354) ~[activemq-client-5.16.6.jar:5.16.6]
	... 13 more
2023-03-30 22:37:57,574 ERROR o.s.j.l.DefaultMessageListenerContainer [org.springframework.jms.JmsListenerEndpointContainer#0-1] Could not refresh JMS Connection for destination 'OrderFlightCheckSeatsAvailable' - retrying using FixedBackOff{interval=5000, currentAttempts=2, maxAttempts=unlimited}. Cause: Could not connect to broker URL: tcp://IN-HD1Z2J3:61616. Reason: java.net.ConnectException: Connection refused: no further information
2023-03-30 22:38:01,995 INFO o.s.j.c.SingleConnectionFactory [org.springframework.jms.JmsListenerEndpointContainer#1-1] Encountered a JMSException - resetting the underlying JMS Connection
javax.jms.JMSException: Could not connect to broker URL: tcp://IN-HD1Z2J3:61616. Reason: java.net.ConnectException: Connection refused: no further information
	at org.apache.activemq.util.JMSExceptionSupport.create(JMSExceptionSupport.java:38) ~[activemq-client-5.16.6.jar:5.16.6]
	at org.apache.activemq.ActiveMQConnectionFactory.createActiveMQConnection(ActiveMQConnectionFactory.java:374) ~[activemq-client-5.16.6.jar:5.16.6]
	at org.apache.activemq.ActiveMQConnectionFactory.createActiveMQConnection(ActiveMQConnectionFactory.java:304) ~[activemq-client-5.16.6.jar:5.16.6]
	at org.apache.activemq.ActiveMQConnectionFactory.createConnection(ActiveMQConnectionFactory.java:244) ~[activemq-client-5.16.6.jar:5.16.6]
	at org.springframework.jms.connection.SingleConnectionFactory.doCreateConnection(SingleConnectionFactory.java:428) ~[spring-jms-5.3.26.jar:5.3.26]
	at org.springframework.jms.connection.SingleConnectionFactory.initConnection(SingleConnectionFactory.java:353) ~[spring-jms-5.3.26.jar:5.3.26]
	at org.springframework.jms.connection.SingleConnectionFactory.getConnection(SingleConnectionFactory.java:328) ~[spring-jms-5.3.26.jar:5.3.26]
	at org.springframework.jms.connection.SingleConnectionFactory.createConnection(SingleConnectionFactory.java:243) ~[spring-jms-5.3.26.jar:5.3.26]
	at org.springframework.jms.support.JmsAccessor.createConnection(JmsAccessor.java:197) ~[spring-jms-5.3.26.jar:5.3.26]
	at org.springframework.jms.listener.AbstractJmsListeningContainer.createSharedConnection(AbstractJmsListeningContainer.java:412) ~[spring-jms-5.3.26.jar:5.3.26]
	at org.springframework.jms.listener.AbstractJmsListeningContainer.refreshSharedConnection(AbstractJmsListeningContainer.java:397) ~[spring-jms-5.3.26.jar:5.3.26]
	at org.springframework.jms.listener.DefaultMessageListenerContainer.refreshConnectionUntilSuccessful(DefaultMessageListenerContainer.java:985) ~[spring-jms-5.3.26.jar:5.3.26]
	at org.springframework.jms.listener.DefaultMessageListenerContainer.recoverAfterListenerSetupFailure(DefaultMessageListenerContainer.java:959) ~[spring-jms-5.3.26.jar:5.3.26]
	at org.springframework.jms.listener.DefaultMessageListenerContainer$AsyncMessageListenerInvoker.run(DefaultMessageListenerContainer.java:1146) ~[spring-jms-5.3.26.jar:5.3.26]
	at java.lang.Thread.run(Thread.java:833) ~[?:?]
Caused by: java.net.ConnectException: Connection refused: no further information
	at sun.nio.ch.Net.pollConnect(Native Method) ~[?:?]
	at sun.nio.ch.Net.pollConnectNow(Net.java:672) ~[?:?]
	at sun.nio.ch.NioSocketImpl.timedFinishConnect(NioSocketImpl.java:549) ~[?:?]
	at sun.nio.ch.NioSocketImpl.connect(NioSocketImpl.java:597) ~[?:?]
	at java.net.SocksSocketImpl.connect(SocksSocketImpl.java:327) ~[?:?]
	at java.net.Socket.connect(Socket.java:633) ~[?:?]
	at org.apache.activemq.transport.tcp.TcpTransport.connect(TcpTransport.java:525) ~[activemq-client-5.16.6.jar:5.16.6]
	at org.apache.activemq.transport.tcp.TcpTransport.doStart(TcpTransport.java:488) ~[activemq-client-5.16.6.jar:5.16.6]
	at org.apache.activemq.util.ServiceSupport.start(ServiceSupport.java:55) ~[activemq-client-5.16.6.jar:5.16.6]
	at org.apache.activemq.transport.AbstractInactivityMonitor.start(AbstractInactivityMonitor.java:169) ~[activemq-client-5.16.6.jar:5.16.6]
	at org.apache.activemq.transport.InactivityMonitor.start(InactivityMonitor.java:52) ~[activemq-client-5.16.6.jar:5.16.6]
	at org.apache.activemq.transport.TransportFilter.start(TransportFilter.java:64) ~[activemq-client-5.16.6.jar:5.16.6]
	at org.apache.activemq.transport.WireFormatNegotiator.start(WireFormatNegotiator.java:72) ~[activemq-client-5.16.6.jar:5.16.6]
	at org.apache.activemq.transport.TransportFilter.start(TransportFilter.java:64) ~[activemq-client-5.16.6.jar:5.16.6]
	at org.apache.activemq.transport.TransportFilter.start(TransportFilter.java:64) ~[activemq-client-5.16.6.jar:5.16.6]
	at org.apache.activemq.ActiveMQConnectionFactory.createActiveMQConnection(ActiveMQConnectionFactory.java:354) ~[activemq-client-5.16.6.jar:5.16.6]
	... 13 more
2023-03-30 22:38:01,997 ERROR o.s.j.l.DefaultMessageListenerContainer [org.springframework.jms.JmsListenerEndpointContainer#1-1] Could not refresh JMS Connection for destination 'OrderFlightBookSeatsConfirm' - retrying using FixedBackOff{interval=5000, currentAttempts=3, maxAttempts=unlimited}. Cause: Could not connect to broker URL: tcp://IN-HD1Z2J3:61616. Reason: java.net.ConnectException: Connection refused: no further information
2023-03-30 22:38:04,619 INFO o.s.j.c.SingleConnectionFactory [org.springframework.jms.JmsListenerEndpointContainer#0-1] Encountered a JMSException - resetting the underlying JMS Connection
javax.jms.JMSException: Could not connect to broker URL: tcp://IN-HD1Z2J3:61616. Reason: java.net.ConnectException: Connection refused: no further information
	at org.apache.activemq.util.JMSExceptionSupport.create(JMSExceptionSupport.java:38) ~[activemq-client-5.16.6.jar:5.16.6]
	at org.apache.activemq.ActiveMQConnectionFactory.createActiveMQConnection(ActiveMQConnectionFactory.java:374) ~[activemq-client-5.16.6.jar:5.16.6]
	at org.apache.activemq.ActiveMQConnectionFactory.createActiveMQConnection(ActiveMQConnectionFactory.java:304) ~[activemq-client-5.16.6.jar:5.16.6]
	at org.apache.activemq.ActiveMQConnectionFactory.createConnection(ActiveMQConnectionFactory.java:244) ~[activemq-client-5.16.6.jar:5.16.6]
	at org.springframework.jms.connection.SingleConnectionFactory.doCreateConnection(SingleConnectionFactory.java:428) ~[spring-jms-5.3.26.jar:5.3.26]
	at org.springframework.jms.connection.SingleConnectionFactory.initConnection(SingleConnectionFactory.java:353) ~[spring-jms-5.3.26.jar:5.3.26]
	at org.springframework.jms.connection.SingleConnectionFactory.getConnection(SingleConnectionFactory.java:328) ~[spring-jms-5.3.26.jar:5.3.26]
	at org.springframework.jms.connection.SingleConnectionFactory.createConnection(SingleConnectionFactory.java:243) ~[spring-jms-5.3.26.jar:5.3.26]
	at org.springframework.jms.support.JmsAccessor.createConnection(JmsAccessor.java:197) ~[spring-jms-5.3.26.jar:5.3.26]
	at org.springframework.jms.listener.AbstractJmsListeningContainer.createSharedConnection(AbstractJmsListeningContainer.java:412) ~[spring-jms-5.3.26.jar:5.3.26]
	at org.springframework.jms.listener.AbstractJmsListeningContainer.refreshSharedConnection(AbstractJmsListeningContainer.java:397) ~[spring-jms-5.3.26.jar:5.3.26]
	at org.springframework.jms.listener.DefaultMessageListenerContainer.refreshConnectionUntilSuccessful(DefaultMessageListenerContainer.java:985) ~[spring-jms-5.3.26.jar:5.3.26]
	at org.springframework.jms.listener.DefaultMessageListenerContainer.recoverAfterListenerSetupFailure(DefaultMessageListenerContainer.java:959) ~[spring-jms-5.3.26.jar:5.3.26]
	at org.springframework.jms.listener.DefaultMessageListenerContainer$AsyncMessageListenerInvoker.run(DefaultMessageListenerContainer.java:1146) ~[spring-jms-5.3.26.jar:5.3.26]
	at java.lang.Thread.run(Thread.java:833) ~[?:?]
Caused by: java.net.ConnectException: Connection refused: no further information
	at sun.nio.ch.Net.pollConnect(Native Method) ~[?:?]
	at sun.nio.ch.Net.pollConnectNow(Net.java:672) ~[?:?]
	at sun.nio.ch.NioSocketImpl.timedFinishConnect(NioSocketImpl.java:549) ~[?:?]
	at sun.nio.ch.NioSocketImpl.connect(NioSocketImpl.java:597) ~[?:?]
	at java.net.SocksSocketImpl.connect(SocksSocketImpl.java:327) ~[?:?]
	at java.net.Socket.connect(Socket.java:633) ~[?:?]
	at org.apache.activemq.transport.tcp.TcpTransport.connect(TcpTransport.java:525) ~[activemq-client-5.16.6.jar:5.16.6]
	at org.apache.activemq.transport.tcp.TcpTransport.doStart(TcpTransport.java:488) ~[activemq-client-5.16.6.jar:5.16.6]
	at org.apache.activemq.util.ServiceSupport.start(ServiceSupport.java:55) ~[activemq-client-5.16.6.jar:5.16.6]
	at org.apache.activemq.transport.AbstractInactivityMonitor.start(AbstractInactivityMonitor.java:169) ~[activemq-client-5.16.6.jar:5.16.6]
	at org.apache.activemq.transport.InactivityMonitor.start(InactivityMonitor.java:52) ~[activemq-client-5.16.6.jar:5.16.6]
	at org.apache.activemq.transport.TransportFilter.start(TransportFilter.java:64) ~[activemq-client-5.16.6.jar:5.16.6]
	at org.apache.activemq.transport.WireFormatNegotiator.start(WireFormatNegotiator.java:72) ~[activemq-client-5.16.6.jar:5.16.6]
	at org.apache.activemq.transport.TransportFilter.start(TransportFilter.java:64) ~[activemq-client-5.16.6.jar:5.16.6]
	at org.apache.activemq.transport.TransportFilter.start(TransportFilter.java:64) ~[activemq-client-5.16.6.jar:5.16.6]
	at org.apache.activemq.ActiveMQConnectionFactory.createActiveMQConnection(ActiveMQConnectionFactory.java:354) ~[activemq-client-5.16.6.jar:5.16.6]
	... 13 more
2023-03-30 22:38:04,620 ERROR o.s.j.l.DefaultMessageListenerContainer [org.springframework.jms.JmsListenerEndpointContainer#0-1] Could not refresh JMS Connection for destination 'OrderFlightCheckSeatsAvailable' - retrying using FixedBackOff{interval=5000, currentAttempts=3, maxAttempts=unlimited}. Cause: Could not connect to broker URL: tcp://IN-HD1Z2J3:61616. Reason: java.net.ConnectException: Connection refused: no further information
2023-03-30 22:38:09,057 INFO o.s.j.c.SingleConnectionFactory [org.springframework.jms.JmsListenerEndpointContainer#1-1] Encountered a JMSException - resetting the underlying JMS Connection
javax.jms.JMSException: Could not connect to broker URL: tcp://IN-HD1Z2J3:61616. Reason: java.net.ConnectException: Connection refused: no further information
	at org.apache.activemq.util.JMSExceptionSupport.create(JMSExceptionSupport.java:38) ~[activemq-client-5.16.6.jar:5.16.6]
	at org.apache.activemq.ActiveMQConnectionFactory.createActiveMQConnection(ActiveMQConnectionFactory.java:374) ~[activemq-client-5.16.6.jar:5.16.6]
	at org.apache.activemq.ActiveMQConnectionFactory.createActiveMQConnection(ActiveMQConnectionFactory.java:304) ~[activemq-client-5.16.6.jar:5.16.6]
	at org.apache.activemq.ActiveMQConnectionFactory.createConnection(ActiveMQConnectionFactory.java:244) ~[activemq-client-5.16.6.jar:5.16.6]
	at org.springframework.jms.connection.SingleConnectionFactory.doCreateConnection(SingleConnectionFactory.java:428) ~[spring-jms-5.3.26.jar:5.3.26]
	at org.springframework.jms.connection.SingleConnectionFactory.initConnection(SingleConnectionFactory.java:353) ~[spring-jms-5.3.26.jar:5.3.26]
	at org.springframework.jms.connection.SingleConnectionFactory.getConnection(SingleConnectionFactory.java:328) ~[spring-jms-5.3.26.jar:5.3.26]
	at org.springframework.jms.connection.SingleConnectionFactory.createConnection(SingleConnectionFactory.java:243) ~[spring-jms-5.3.26.jar:5.3.26]
	at org.springframework.jms.support.JmsAccessor.createConnection(JmsAccessor.java:197) ~[spring-jms-5.3.26.jar:5.3.26]
	at org.springframework.jms.listener.AbstractJmsListeningContainer.createSharedConnection(AbstractJmsListeningContainer.java:412) ~[spring-jms-5.3.26.jar:5.3.26]
	at org.springframework.jms.listener.AbstractJmsListeningContainer.refreshSharedConnection(AbstractJmsListeningContainer.java:397) ~[spring-jms-5.3.26.jar:5.3.26]
	at org.springframework.jms.listener.DefaultMessageListenerContainer.refreshConnectionUntilSuccessful(DefaultMessageListenerContainer.java:985) ~[spring-jms-5.3.26.jar:5.3.26]
	at org.springframework.jms.listener.DefaultMessageListenerContainer.recoverAfterListenerSetupFailure(DefaultMessageListenerContainer.java:959) ~[spring-jms-5.3.26.jar:5.3.26]
	at org.springframework.jms.listener.DefaultMessageListenerContainer$AsyncMessageListenerInvoker.run(DefaultMessageListenerContainer.java:1146) ~[spring-jms-5.3.26.jar:5.3.26]
	at java.lang.Thread.run(Thread.java:833) ~[?:?]
Caused by: java.net.ConnectException: Connection refused: no further information
	at sun.nio.ch.Net.pollConnect(Native Method) ~[?:?]
	at sun.nio.ch.Net.pollConnectNow(Net.java:672) ~[?:?]
	at sun.nio.ch.NioSocketImpl.timedFinishConnect(NioSocketImpl.java:549) ~[?:?]
	at sun.nio.ch.NioSocketImpl.connect(NioSocketImpl.java:597) ~[?:?]
	at java.net.SocksSocketImpl.connect(SocksSocketImpl.java:327) ~[?:?]
	at java.net.Socket.connect(Socket.java:633) ~[?:?]
	at org.apache.activemq.transport.tcp.TcpTransport.connect(TcpTransport.java:525) ~[activemq-client-5.16.6.jar:5.16.6]
	at org.apache.activemq.transport.tcp.TcpTransport.doStart(TcpTransport.java:488) ~[activemq-client-5.16.6.jar:5.16.6]
	at org.apache.activemq.util.ServiceSupport.start(ServiceSupport.java:55) ~[activemq-client-5.16.6.jar:5.16.6]
	at org.apache.activemq.transport.AbstractInactivityMonitor.start(AbstractInactivityMonitor.java:169) ~[activemq-client-5.16.6.jar:5.16.6]
	at org.apache.activemq.transport.InactivityMonitor.start(InactivityMonitor.java:52) ~[activemq-client-5.16.6.jar:5.16.6]
	at org.apache.activemq.transport.TransportFilter.start(TransportFilter.java:64) ~[activemq-client-5.16.6.jar:5.16.6]
	at org.apache.activemq.transport.WireFormatNegotiator.start(WireFormatNegotiator.java:72) ~[activemq-client-5.16.6.jar:5.16.6]
	at org.apache.activemq.transport.TransportFilter.start(TransportFilter.java:64) ~[activemq-client-5.16.6.jar:5.16.6]
	at org.apache.activemq.transport.TransportFilter.start(TransportFilter.java:64) ~[activemq-client-5.16.6.jar:5.16.6]
	at org.apache.activemq.ActiveMQConnectionFactory.createActiveMQConnection(ActiveMQConnectionFactory.java:354) ~[activemq-client-5.16.6.jar:5.16.6]
	... 13 more
2023-03-30 22:38:09,059 ERROR o.s.j.l.DefaultMessageListenerContainer [org.springframework.jms.JmsListenerEndpointContainer#1-1] Could not refresh JMS Connection for destination 'OrderFlightBookSeatsConfirm' - retrying using FixedBackOff{interval=5000, currentAttempts=4, maxAttempts=unlimited}. Cause: Could not connect to broker URL: tcp://IN-HD1Z2J3:61616. Reason: java.net.ConnectException: Connection refused: no further information
2023-03-30 22:38:11,667 INFO o.s.j.c.SingleConnectionFactory [org.springframework.jms.JmsListenerEndpointContainer#0-1] Encountered a JMSException - resetting the underlying JMS Connection
javax.jms.JMSException: Could not connect to broker URL: tcp://IN-HD1Z2J3:61616. Reason: java.net.ConnectException: Connection refused: no further information
	at org.apache.activemq.util.JMSExceptionSupport.create(JMSExceptionSupport.java:38) ~[activemq-client-5.16.6.jar:5.16.6]
	at org.apache.activemq.ActiveMQConnectionFactory.createActiveMQConnection(ActiveMQConnectionFactory.java:374) ~[activemq-client-5.16.6.jar:5.16.6]
	at org.apache.activemq.ActiveMQConnectionFactory.createActiveMQConnection(ActiveMQConnectionFactory.java:304) ~[activemq-client-5.16.6.jar:5.16.6]
	at org.apache.activemq.ActiveMQConnectionFactory.createConnection(ActiveMQConnectionFactory.java:244) ~[activemq-client-5.16.6.jar:5.16.6]
	at org.springframework.jms.connection.SingleConnectionFactory.doCreateConnection(SingleConnectionFactory.java:428) ~[spring-jms-5.3.26.jar:5.3.26]
	at org.springframework.jms.connection.SingleConnectionFactory.initConnection(SingleConnectionFactory.java:353) ~[spring-jms-5.3.26.jar:5.3.26]
	at org.springframework.jms.connection.SingleConnectionFactory.getConnection(SingleConnectionFactory.java:328) ~[spring-jms-5.3.26.jar:5.3.26]
	at org.springframework.jms.connection.SingleConnectionFactory.createConnection(SingleConnectionFactory.java:243) ~[spring-jms-5.3.26.jar:5.3.26]
	at org.springframework.jms.support.JmsAccessor.createConnection(JmsAccessor.java:197) ~[spring-jms-5.3.26.jar:5.3.26]
	at org.springframework.jms.listener.AbstractJmsListeningContainer.createSharedConnection(AbstractJmsListeningContainer.java:412) ~[spring-jms-5.3.26.jar:5.3.26]
	at org.springframework.jms.listener.AbstractJmsListeningContainer.refreshSharedConnection(AbstractJmsListeningContainer.java:397) ~[spring-jms-5.3.26.jar:5.3.26]
	at org.springframework.jms.listener.DefaultMessageListenerContainer.refreshConnectionUntilSuccessful(DefaultMessageListenerContainer.java:985) ~[spring-jms-5.3.26.jar:5.3.26]
	at org.springframework.jms.listener.DefaultMessageListenerContainer.recoverAfterListenerSetupFailure(DefaultMessageListenerContainer.java:959) ~[spring-jms-5.3.26.jar:5.3.26]
	at org.springframework.jms.listener.DefaultMessageListenerContainer$AsyncMessageListenerInvoker.run(DefaultMessageListenerContainer.java:1146) ~[spring-jms-5.3.26.jar:5.3.26]
	at java.lang.Thread.run(Thread.java:833) ~[?:?]
Caused by: java.net.ConnectException: Connection refused: no further information
	at sun.nio.ch.Net.pollConnect(Native Method) ~[?:?]
	at sun.nio.ch.Net.pollConnectNow(Net.java:672) ~[?:?]
	at sun.nio.ch.NioSocketImpl.timedFinishConnect(NioSocketImpl.java:549) ~[?:?]
	at sun.nio.ch.NioSocketImpl.connect(NioSocketImpl.java:597) ~[?:?]
	at java.net.SocksSocketImpl.connect(SocksSocketImpl.java:327) ~[?:?]
	at java.net.Socket.connect(Socket.java:633) ~[?:?]
	at org.apache.activemq.transport.tcp.TcpTransport.connect(TcpTransport.java:525) ~[activemq-client-5.16.6.jar:5.16.6]
	at org.apache.activemq.transport.tcp.TcpTransport.doStart(TcpTransport.java:488) ~[activemq-client-5.16.6.jar:5.16.6]
	at org.apache.activemq.util.ServiceSupport.start(ServiceSupport.java:55) ~[activemq-client-5.16.6.jar:5.16.6]
	at org.apache.activemq.transport.AbstractInactivityMonitor.start(AbstractInactivityMonitor.java:169) ~[activemq-client-5.16.6.jar:5.16.6]
	at org.apache.activemq.transport.InactivityMonitor.start(InactivityMonitor.java:52) ~[activemq-client-5.16.6.jar:5.16.6]
	at org.apache.activemq.transport.TransportFilter.start(TransportFilter.java:64) ~[activemq-client-5.16.6.jar:5.16.6]
	at org.apache.activemq.transport.WireFormatNegotiator.start(WireFormatNegotiator.java:72) ~[activemq-client-5.16.6.jar:5.16.6]
	at org.apache.activemq.transport.TransportFilter.start(TransportFilter.java:64) ~[activemq-client-5.16.6.jar:5.16.6]
	at org.apache.activemq.transport.TransportFilter.start(TransportFilter.java:64) ~[activemq-client-5.16.6.jar:5.16.6]
	at org.apache.activemq.ActiveMQConnectionFactory.createActiveMQConnection(ActiveMQConnectionFactory.java:354) ~[activemq-client-5.16.6.jar:5.16.6]
	... 13 more
2023-03-30 22:38:11,669 ERROR o.s.j.l.DefaultMessageListenerContainer [org.springframework.jms.JmsListenerEndpointContainer#0-1] Could not refresh JMS Connection for destination 'OrderFlightCheckSeatsAvailable' - retrying using FixedBackOff{interval=5000, currentAttempts=4, maxAttempts=unlimited}. Cause: Could not connect to broker URL: tcp://IN-HD1Z2J3:61616. Reason: java.net.ConnectException: Connection refused: no further information
2023-03-30 22:38:16,118 INFO o.s.j.c.SingleConnectionFactory [org.springframework.jms.JmsListenerEndpointContainer#1-1] Encountered a JMSException - resetting the underlying JMS Connection
javax.jms.JMSException: Could not connect to broker URL: tcp://IN-HD1Z2J3:61616. Reason: java.net.ConnectException: Connection refused: no further information
	at org.apache.activemq.util.JMSExceptionSupport.create(JMSExceptionSupport.java:38) ~[activemq-client-5.16.6.jar:5.16.6]
	at org.apache.activemq.ActiveMQConnectionFactory.createActiveMQConnection(ActiveMQConnectionFactory.java:374) ~[activemq-client-5.16.6.jar:5.16.6]
	at org.apache.activemq.ActiveMQConnectionFactory.createActiveMQConnection(ActiveMQConnectionFactory.java:304) ~[activemq-client-5.16.6.jar:5.16.6]
	at org.apache.activemq.ActiveMQConnectionFactory.createConnection(ActiveMQConnectionFactory.java:244) ~[activemq-client-5.16.6.jar:5.16.6]
	at org.springframework.jms.connection.SingleConnectionFactory.doCreateConnection(SingleConnectionFactory.java:428) ~[spring-jms-5.3.26.jar:5.3.26]
	at org.springframework.jms.connection.SingleConnectionFactory.initConnection(SingleConnectionFactory.java:353) ~[spring-jms-5.3.26.jar:5.3.26]
	at org.springframework.jms.connection.SingleConnectionFactory.getConnection(SingleConnectionFactory.java:328) ~[spring-jms-5.3.26.jar:5.3.26]
	at org.springframework.jms.connection.SingleConnectionFactory.createConnection(SingleConnectionFactory.java:243) ~[spring-jms-5.3.26.jar:5.3.26]
	at org.springframework.jms.support.JmsAccessor.createConnection(JmsAccessor.java:197) ~[spring-jms-5.3.26.jar:5.3.26]
	at org.springframework.jms.listener.AbstractJmsListeningContainer.createSharedConnection(AbstractJmsListeningContainer.java:412) ~[spring-jms-5.3.26.jar:5.3.26]
	at org.springframework.jms.listener.AbstractJmsListeningContainer.refreshSharedConnection(AbstractJmsListeningContainer.java:397) ~[spring-jms-5.3.26.jar:5.3.26]
	at org.springframework.jms.listener.DefaultMessageListenerContainer.refreshConnectionUntilSuccessful(DefaultMessageListenerContainer.java:985) ~[spring-jms-5.3.26.jar:5.3.26]
	at org.springframework.jms.listener.DefaultMessageListenerContainer.recoverAfterListenerSetupFailure(DefaultMessageListenerContainer.java:959) ~[spring-jms-5.3.26.jar:5.3.26]
	at org.springframework.jms.listener.DefaultMessageListenerContainer$AsyncMessageListenerInvoker.run(DefaultMessageListenerContainer.java:1146) ~[spring-jms-5.3.26.jar:5.3.26]
	at java.lang.Thread.run(Thread.java:833) ~[?:?]
Caused by: java.net.ConnectException: Connection refused: no further information
	at sun.nio.ch.Net.pollConnect(Native Method) ~[?:?]
	at sun.nio.ch.Net.pollConnectNow(Net.java:672) ~[?:?]
	at sun.nio.ch.NioSocketImpl.timedFinishConnect(NioSocketImpl.java:549) ~[?:?]
	at sun.nio.ch.NioSocketImpl.connect(NioSocketImpl.java:597) ~[?:?]
	at java.net.SocksSocketImpl.connect(SocksSocketImpl.java:327) ~[?:?]
	at java.net.Socket.connect(Socket.java:633) ~[?:?]
	at org.apache.activemq.transport.tcp.TcpTransport.connect(TcpTransport.java:525) ~[activemq-client-5.16.6.jar:5.16.6]
	at org.apache.activemq.transport.tcp.TcpTransport.doStart(TcpTransport.java:488) ~[activemq-client-5.16.6.jar:5.16.6]
	at org.apache.activemq.util.ServiceSupport.start(ServiceSupport.java:55) ~[activemq-client-5.16.6.jar:5.16.6]
	at org.apache.activemq.transport.AbstractInactivityMonitor.start(AbstractInactivityMonitor.java:169) ~[activemq-client-5.16.6.jar:5.16.6]
	at org.apache.activemq.transport.InactivityMonitor.start(InactivityMonitor.java:52) ~[activemq-client-5.16.6.jar:5.16.6]
	at org.apache.activemq.transport.TransportFilter.start(TransportFilter.java:64) ~[activemq-client-5.16.6.jar:5.16.6]
	at org.apache.activemq.transport.WireFormatNegotiator.start(WireFormatNegotiator.java:72) ~[activemq-client-5.16.6.jar:5.16.6]
	at org.apache.activemq.transport.TransportFilter.start(TransportFilter.java:64) ~[activemq-client-5.16.6.jar:5.16.6]
	at org.apache.activemq.transport.TransportFilter.start(TransportFilter.java:64) ~[activemq-client-5.16.6.jar:5.16.6]
	at org.apache.activemq.ActiveMQConnectionFactory.createActiveMQConnection(ActiveMQConnectionFactory.java:354) ~[activemq-client-5.16.6.jar:5.16.6]
	... 13 more
2023-03-30 22:38:16,120 ERROR o.s.j.l.DefaultMessageListenerContainer [org.springframework.jms.JmsListenerEndpointContainer#1-1] Could not refresh JMS Connection for destination 'OrderFlightBookSeatsConfirm' - retrying using FixedBackOff{interval=5000, currentAttempts=5, maxAttempts=unlimited}. Cause: Could not connect to broker URL: tcp://IN-HD1Z2J3:61616. Reason: java.net.ConnectException: Connection refused: no further information
2023-03-30 22:38:18,713 INFO o.s.j.c.SingleConnectionFactory [org.springframework.jms.JmsListenerEndpointContainer#0-1] Encountered a JMSException - resetting the underlying JMS Connection
javax.jms.JMSException: Could not connect to broker URL: tcp://IN-HD1Z2J3:61616. Reason: java.net.ConnectException: Connection refused: no further information
	at org.apache.activemq.util.JMSExceptionSupport.create(JMSExceptionSupport.java:38) ~[activemq-client-5.16.6.jar:5.16.6]
	at org.apache.activemq.ActiveMQConnectionFactory.createActiveMQConnection(ActiveMQConnectionFactory.java:374) ~[activemq-client-5.16.6.jar:5.16.6]
	at org.apache.activemq.ActiveMQConnectionFactory.createActiveMQConnection(ActiveMQConnectionFactory.java:304) ~[activemq-client-5.16.6.jar:5.16.6]
	at org.apache.activemq.ActiveMQConnectionFactory.createConnection(ActiveMQConnectionFactory.java:244) ~[activemq-client-5.16.6.jar:5.16.6]
	at org.springframework.jms.connection.SingleConnectionFactory.doCreateConnection(SingleConnectionFactory.java:428) ~[spring-jms-5.3.26.jar:5.3.26]
	at org.springframework.jms.connection.SingleConnectionFactory.initConnection(SingleConnectionFactory.java:353) ~[spring-jms-5.3.26.jar:5.3.26]
	at org.springframework.jms.connection.SingleConnectionFactory.getConnection(SingleConnectionFactory.java:328) ~[spring-jms-5.3.26.jar:5.3.26]
	at org.springframework.jms.connection.SingleConnectionFactory.createConnection(SingleConnectionFactory.java:243) ~[spring-jms-5.3.26.jar:5.3.26]
	at org.springframework.jms.support.JmsAccessor.createConnection(JmsAccessor.java:197) ~[spring-jms-5.3.26.jar:5.3.26]
	at org.springframework.jms.listener.AbstractJmsListeningContainer.createSharedConnection(AbstractJmsListeningContainer.java:412) ~[spring-jms-5.3.26.jar:5.3.26]
	at org.springframework.jms.listener.AbstractJmsListeningContainer.refreshSharedConnection(AbstractJmsListeningContainer.java:397) ~[spring-jms-5.3.26.jar:5.3.26]
	at org.springframework.jms.listener.DefaultMessageListenerContainer.refreshConnectionUntilSuccessful(DefaultMessageListenerContainer.java:985) ~[spring-jms-5.3.26.jar:5.3.26]
	at org.springframework.jms.listener.DefaultMessageListenerContainer.recoverAfterListenerSetupFailure(DefaultMessageListenerContainer.java:959) ~[spring-jms-5.3.26.jar:5.3.26]
	at org.springframework.jms.listener.DefaultMessageListenerContainer$AsyncMessageListenerInvoker.run(DefaultMessageListenerContainer.java:1146) ~[spring-jms-5.3.26.jar:5.3.26]
	at java.lang.Thread.run(Thread.java:833) ~[?:?]
Caused by: java.net.ConnectException: Connection refused: no further information
	at sun.nio.ch.Net.pollConnect(Native Method) ~[?:?]
	at sun.nio.ch.Net.pollConnectNow(Net.java:672) ~[?:?]
	at sun.nio.ch.NioSocketImpl.timedFinishConnect(NioSocketImpl.java:549) ~[?:?]
	at sun.nio.ch.NioSocketImpl.connect(NioSocketImpl.java:597) ~[?:?]
	at java.net.SocksSocketImpl.connect(SocksSocketImpl.java:327) ~[?:?]
	at java.net.Socket.connect(Socket.java:633) ~[?:?]
	at org.apache.activemq.transport.tcp.TcpTransport.connect(TcpTransport.java:525) ~[activemq-client-5.16.6.jar:5.16.6]
	at org.apache.activemq.transport.tcp.TcpTransport.doStart(TcpTransport.java:488) ~[activemq-client-5.16.6.jar:5.16.6]
	at org.apache.activemq.util.ServiceSupport.start(ServiceSupport.java:55) ~[activemq-client-5.16.6.jar:5.16.6]
	at org.apache.activemq.transport.AbstractInactivityMonitor.start(AbstractInactivityMonitor.java:169) ~[activemq-client-5.16.6.jar:5.16.6]
	at org.apache.activemq.transport.InactivityMonitor.start(InactivityMonitor.java:52) ~[activemq-client-5.16.6.jar:5.16.6]
	at org.apache.activemq.transport.TransportFilter.start(TransportFilter.java:64) ~[activemq-client-5.16.6.jar:5.16.6]
	at org.apache.activemq.transport.WireFormatNegotiator.start(WireFormatNegotiator.java:72) ~[activemq-client-5.16.6.jar:5.16.6]
	at org.apache.activemq.transport.TransportFilter.start(TransportFilter.java:64) ~[activemq-client-5.16.6.jar:5.16.6]
	at org.apache.activemq.transport.TransportFilter.start(TransportFilter.java:64) ~[activemq-client-5.16.6.jar:5.16.6]
	at org.apache.activemq.ActiveMQConnectionFactory.createActiveMQConnection(ActiveMQConnectionFactory.java:354) ~[activemq-client-5.16.6.jar:5.16.6]
	... 13 more
2023-03-30 22:38:18,714 ERROR o.s.j.l.DefaultMessageListenerContainer [org.springframework.jms.JmsListenerEndpointContainer#0-1] Could not refresh JMS Connection for destination 'OrderFlightCheckSeatsAvailable' - retrying using FixedBackOff{interval=5000, currentAttempts=5, maxAttempts=unlimited}. Cause: Could not connect to broker URL: tcp://IN-HD1Z2J3:61616. Reason: java.net.ConnectException: Connection refused: no further information
2023-03-30 22:38:23,158 INFO o.s.j.c.SingleConnectionFactory [org.springframework.jms.JmsListenerEndpointContainer#1-1] Encountered a JMSException - resetting the underlying JMS Connection
javax.jms.JMSException: Could not connect to broker URL: tcp://IN-HD1Z2J3:61616. Reason: java.net.ConnectException: Connection refused: no further information
	at org.apache.activemq.util.JMSExceptionSupport.create(JMSExceptionSupport.java:38) ~[activemq-client-5.16.6.jar:5.16.6]
	at org.apache.activemq.ActiveMQConnectionFactory.createActiveMQConnection(ActiveMQConnectionFactory.java:374) ~[activemq-client-5.16.6.jar:5.16.6]
	at org.apache.activemq.ActiveMQConnectionFactory.createActiveMQConnection(ActiveMQConnectionFactory.java:304) ~[activemq-client-5.16.6.jar:5.16.6]
	at org.apache.activemq.ActiveMQConnectionFactory.createConnection(ActiveMQConnectionFactory.java:244) ~[activemq-client-5.16.6.jar:5.16.6]
	at org.springframework.jms.connection.SingleConnectionFactory.doCreateConnection(SingleConnectionFactory.java:428) ~[spring-jms-5.3.26.jar:5.3.26]
	at org.springframework.jms.connection.SingleConnectionFactory.initConnection(SingleConnectionFactory.java:353) ~[spring-jms-5.3.26.jar:5.3.26]
	at org.springframework.jms.connection.SingleConnectionFactory.getConnection(SingleConnectionFactory.java:328) ~[spring-jms-5.3.26.jar:5.3.26]
	at org.springframework.jms.connection.SingleConnectionFactory.createConnection(SingleConnectionFactory.java:243) ~[spring-jms-5.3.26.jar:5.3.26]
	at org.springframework.jms.support.JmsAccessor.createConnection(JmsAccessor.java:197) ~[spring-jms-5.3.26.jar:5.3.26]
	at org.springframework.jms.listener.AbstractJmsListeningContainer.createSharedConnection(AbstractJmsListeningContainer.java:412) ~[spring-jms-5.3.26.jar:5.3.26]
	at org.springframework.jms.listener.AbstractJmsListeningContainer.refreshSharedConnection(AbstractJmsListeningContainer.java:397) ~[spring-jms-5.3.26.jar:5.3.26]
	at org.springframework.jms.listener.DefaultMessageListenerContainer.refreshConnectionUntilSuccessful(DefaultMessageListenerContainer.java:985) ~[spring-jms-5.3.26.jar:5.3.26]
	at org.springframework.jms.listener.DefaultMessageListenerContainer.recoverAfterListenerSetupFailure(DefaultMessageListenerContainer.java:959) ~[spring-jms-5.3.26.jar:5.3.26]
	at org.springframework.jms.listener.DefaultMessageListenerContainer$AsyncMessageListenerInvoker.run(DefaultMessageListenerContainer.java:1146) ~[spring-jms-5.3.26.jar:5.3.26]
	at java.lang.Thread.run(Thread.java:833) ~[?:?]
Caused by: java.net.ConnectException: Connection refused: no further information
	at sun.nio.ch.Net.pollConnect(Native Method) ~[?:?]
	at sun.nio.ch.Net.pollConnectNow(Net.java:672) ~[?:?]
	at sun.nio.ch.NioSocketImpl.timedFinishConnect(NioSocketImpl.java:549) ~[?:?]
	at sun.nio.ch.NioSocketImpl.connect(NioSocketImpl.java:597) ~[?:?]
	at java.net.SocksSocketImpl.connect(SocksSocketImpl.java:327) ~[?:?]
	at java.net.Socket.connect(Socket.java:633) ~[?:?]
	at org.apache.activemq.transport.tcp.TcpTransport.connect(TcpTransport.java:525) ~[activemq-client-5.16.6.jar:5.16.6]
	at org.apache.activemq.transport.tcp.TcpTransport.doStart(TcpTransport.java:488) ~[activemq-client-5.16.6.jar:5.16.6]
	at org.apache.activemq.util.ServiceSupport.start(ServiceSupport.java:55) ~[activemq-client-5.16.6.jar:5.16.6]
	at org.apache.activemq.transport.AbstractInactivityMonitor.start(AbstractInactivityMonitor.java:169) ~[activemq-client-5.16.6.jar:5.16.6]
	at org.apache.activemq.transport.InactivityMonitor.start(InactivityMonitor.java:52) ~[activemq-client-5.16.6.jar:5.16.6]
	at org.apache.activemq.transport.TransportFilter.start(TransportFilter.java:64) ~[activemq-client-5.16.6.jar:5.16.6]
	at org.apache.activemq.transport.WireFormatNegotiator.start(WireFormatNegotiator.java:72) ~[activemq-client-5.16.6.jar:5.16.6]
	at org.apache.activemq.transport.TransportFilter.start(TransportFilter.java:64) ~[activemq-client-5.16.6.jar:5.16.6]
	at org.apache.activemq.transport.TransportFilter.start(TransportFilter.java:64) ~[activemq-client-5.16.6.jar:5.16.6]
	at org.apache.activemq.ActiveMQConnectionFactory.createActiveMQConnection(ActiveMQConnectionFactory.java:354) ~[activemq-client-5.16.6.jar:5.16.6]
	... 13 more
2023-03-30 22:38:23,160 ERROR o.s.j.l.DefaultMessageListenerContainer [org.springframework.jms.JmsListenerEndpointContainer#1-1] Could not refresh JMS Connection for destination 'OrderFlightBookSeatsConfirm' - retrying using FixedBackOff{interval=5000, currentAttempts=6, maxAttempts=unlimited}. Cause: Could not connect to broker URL: tcp://IN-HD1Z2J3:61616. Reason: java.net.ConnectException: Connection refused: no further information
2023-03-30 22:42:30,423 INFO c.n.d.s.r.a.ConfigClusterResolver [AsyncResolver-bootstrap-executor-0] Resolving eureka endpoints via configuration
2023-03-30 22:47:30,430 INFO c.n.d.s.r.a.ConfigClusterResolver [AsyncResolver-bootstrap-executor-0] Resolving eureka endpoints via configuration
