2023-03-30 22:37:20,634 INFO o.s.b.StartupInfoLogger [main] Starting IdentityServiceApplication using Java 17.0.4.1 on IN-HD1Z2J3 with PID 5084 (C:\Users\varindersingh01\Desktop\NAGP\Microservices Assignment Implementation\identity-service\target\classes started by varindersingh01 in C:\Users\varindersingh01\Desktop\NAGP\Microservices Assignment Implementation\identity-service)
2023-03-30 22:37:20,650 INFO o.s.b.SpringApplication [main] No active profile set, falling back to 1 default profile: "default"
2023-03-30 22:37:22,050 INFO o.s.c.c.s.GenericScope [main] BeanFactory id=13701576-f400-3af7-83ad-2e859f613734
2023-03-30 22:37:22,385 INFO o.s.b.w.e.t.TomcatWebServer [main] Tomcat initialized with port(s): 9001 (http)
2023-03-30 22:37:22,410 INFO o.a.j.l.DirectJDKLog [main] Initializing ProtocolHandler ["http-nio-9001"]
2023-03-30 22:37:22,412 INFO o.a.j.l.DirectJDKLog [main] Starting service [Tomcat]
2023-03-30 22:37:22,412 INFO o.a.j.l.DirectJDKLog [main] Starting Servlet engine: [Apache Tomcat/9.0.73]
2023-03-30 22:37:22,572 INFO o.a.j.l.DirectJDKLog [main] Initializing Spring embedded WebApplicationContext
2023-03-30 22:37:22,572 INFO o.s.b.w.s.c.ServletWebServerApplicationContext [main] Root WebApplicationContext: initialization completed in 1859 ms
2023-03-30 22:37:23,416 INFO o.s.c.n.e.c.DiscoveryClientOptionalArgsConfiguration [main] Eureka HTTP Client uses RestTemplate.
2023-03-30 22:37:23,786 WARN o.s.c.l.c.LoadBalancerCacheAutoConfiguration$LoadBalancerCaffeineWarnLogger [main] Spring Cloud LoadBalancer is currently working with the default cache. While this cache implementation is useful for development and tests, it's recommended to use Caffeine cache in production.You can switch to using Caffeine cache, by adding it and org.springframework.cache.caffeine.CaffeineCacheManager to the classpath.
2023-03-30 22:37:23,888 INFO o.s.c.n.e.InstanceInfoFactory [main] Setting initial instance status as: STARTING
2023-03-30 22:37:23,946 INFO c.n.d.DiscoveryClient [main] Initializing Eureka in region us-east-1
2023-03-30 22:37:23,956 INFO c.n.d.s.r.a.ConfigClusterResolver [main] Resolving eureka endpoints via configuration
2023-03-30 22:37:23,998 INFO c.n.d.DiscoveryClient [main] Disable delta property : false
2023-03-30 22:37:23,999 INFO c.n.d.DiscoveryClient [main] Single vip registry refresh property : null
2023-03-30 22:37:23,999 INFO c.n.d.DiscoveryClient [main] Force full registry fetch : false
2023-03-30 22:37:23,999 INFO c.n.d.DiscoveryClient [main] Application is null : false
2023-03-30 22:37:23,999 INFO c.n.d.DiscoveryClient [main] Registered Applications size is zero : true
2023-03-30 22:37:24,000 INFO c.n.d.DiscoveryClient [main] Application version is -1: true
2023-03-30 22:37:24,000 INFO c.n.d.DiscoveryClient [main] Getting all instance registry info from the eureka server
2023-03-30 22:37:24,594 INFO c.n.d.DiscoveryClient [main] The response status is 200
2023-03-30 22:37:24,597 INFO c.n.d.DiscoveryClient [main] Starting heartbeat executor: renew interval is: 30
2023-03-30 22:37:24,603 INFO c.n.d.InstanceInfoReplicator [main] InstanceInfoReplicator onDemand update allowed rate per min is 4
2023-03-30 22:37:24,613 INFO c.n.d.DiscoveryClient [main] Discovery Client initialized at timestamp 1680196044610 with initial instances count: 0
2023-03-30 22:37:24,615 INFO o.s.c.n.e.s.EurekaServiceRegistry [main] Registering application IDENTITY-SERVICE with eureka with status UP
2023-03-30 22:37:24,617 INFO c.n.d.DiscoveryClient$3 [main] Saw local status change event StatusChangeEvent [timestamp=1680196044617, current=UP, previous=STARTING]
2023-03-30 22:37:24,621 INFO c.n.d.DiscoveryClient [DiscoveryClient-InstanceInfoReplicator-0] DiscoveryClient_IDENTITY-SERVICE/IN-HD1Z2J3.Nagarro.local:identity-service:9001: registering service...
2023-03-30 22:37:24,621 INFO o.a.j.l.DirectJDKLog [main] Starting ProtocolHandler ["http-nio-9001"]
2023-03-30 22:37:24,654 INFO o.s.b.w.e.t.TomcatWebServer [main] Tomcat started on port(s): 9001 (http) with context path ''
2023-03-30 22:37:24,657 INFO o.s.c.n.e.s.EurekaAutoServiceRegistration [main] Updating port to 9001
2023-03-30 22:37:24,675 INFO c.n.d.DiscoveryClient [DiscoveryClient-InstanceInfoReplicator-0] DiscoveryClient_IDENTITY-SERVICE/IN-HD1Z2J3.Nagarro.local:identity-service:9001 - registration status: 204
2023-03-30 22:37:24,931 INFO o.s.b.StartupInfoLogger [main] Started IdentityServiceApplication in 5.07 seconds (JVM running for 6.433)
2023-03-30 22:37:54,604 INFO c.n.d.DiscoveryClient [DiscoveryClient-CacheRefreshExecutor-0] Disable delta property : false
2023-03-30 22:37:54,605 INFO c.n.d.DiscoveryClient [DiscoveryClient-CacheRefreshExecutor-0] Single vip registry refresh property : null
2023-03-30 22:37:54,605 INFO c.n.d.DiscoveryClient [DiscoveryClient-CacheRefreshExecutor-0] Force full registry fetch : false
2023-03-30 22:37:54,605 INFO c.n.d.DiscoveryClient [DiscoveryClient-CacheRefreshExecutor-0] Application is null : false
2023-03-30 22:37:54,605 INFO c.n.d.DiscoveryClient [DiscoveryClient-CacheRefreshExecutor-0] Registered Applications size is zero : true
2023-03-30 22:37:54,605 INFO c.n.d.DiscoveryClient [DiscoveryClient-CacheRefreshExecutor-0] Application version is -1: false
2023-03-30 22:37:54,605 INFO c.n.d.DiscoveryClient [DiscoveryClient-CacheRefreshExecutor-0] Getting all instance registry info from the eureka server
2023-03-30 22:37:54,620 INFO c.n.d.DiscoveryClient [DiscoveryClient-CacheRefreshExecutor-0] The response status is 200
2023-03-30 22:42:24,020 INFO c.n.d.s.r.a.ConfigClusterResolver [AsyncResolver-bootstrap-executor-0] Resolving eureka endpoints via configuration
2023-03-30 22:47:24,029 INFO c.n.d.s.r.a.ConfigClusterResolver [AsyncResolver-bootstrap-executor-0] Resolving eureka endpoints via configuration
2023-03-30 22:52:24,040 INFO c.n.d.s.r.a.ConfigClusterResolver [AsyncResolver-bootstrap-executor-0] Resolving eureka endpoints via configuration
