2023-03-30 13:52:39,549 INFO o.s.b.StartupInfoLogger [main] Starting DbHotelsServiceApplication using Java 17.0.4.1 on IN-HD1Z2J3 with PID 13588 (C:\Users\varindersingh01\Desktop\NAGP\Microservices Assignment Implementation\db-hotels-service\target\classes started by varindersingh01 in C:\Users\varindersingh01\Desktop\NAGP\Microservices Assignment Implementation\db-hotels-service)
2023-03-30 13:52:39,562 INFO o.s.b.SpringApplication [main] No active profile set, falling back to 1 default profile: "default"
2023-03-30 13:52:40,111 INFO o.s.c.c.s.GenericScope [main] BeanFactory id=9c9a3d82-be16-34e9-b6fc-8115699b82f3
2023-03-30 13:52:40,397 INFO o.s.b.w.e.t.TomcatWebServer [main] Tomcat initialized with port(s): 7501 (http)
2023-03-30 13:52:40,410 INFO o.a.j.l.DirectJDKLog [main] Initializing ProtocolHandler ["http-nio-7501"]
2023-03-30 13:52:40,411 INFO o.a.j.l.DirectJDKLog [main] Starting service [Tomcat]
2023-03-30 13:52:40,412 INFO o.a.j.l.DirectJDKLog [main] Starting Servlet engine: [Apache Tomcat/9.0.73]
2023-03-30 13:52:40,526 INFO o.a.j.l.DirectJDKLog [main] Initializing Spring embedded WebApplicationContext
2023-03-30 13:52:40,526 INFO o.s.b.w.s.c.ServletWebServerApplicationContext [main] Root WebApplicationContext: initialization completed in 929 ms
2023-03-30 13:52:41,097 INFO o.s.c.n.e.c.DiscoveryClientOptionalArgsConfiguration [main] Eureka HTTP Client uses RestTemplate.
2023-03-30 13:52:41,311 WARN o.s.c.l.c.LoadBalancerCacheAutoConfiguration$LoadBalancerCaffeineWarnLogger [main] Spring Cloud LoadBalancer is currently working with the default cache. While this cache implementation is useful for development and tests, it's recommended to use Caffeine cache in production.You can switch to using Caffeine cache, by adding it and org.springframework.cache.caffeine.CaffeineCacheManager to the classpath.
2023-03-30 13:52:41,358 INFO o.s.c.n.e.InstanceInfoFactory [main] Setting initial instance status as: STARTING
2023-03-30 13:52:41,391 INFO c.n.d.DiscoveryClient [main] Initializing Eureka in region us-east-1
2023-03-30 13:52:41,399 INFO c.n.d.s.r.a.ConfigClusterResolver [main] Resolving eureka endpoints via configuration
2023-03-30 13:52:41,419 INFO c.n.d.DiscoveryClient [main] Disable delta property : false
2023-03-30 13:52:41,419 INFO c.n.d.DiscoveryClient [main] Single vip registry refresh property : null
2023-03-30 13:52:41,419 INFO c.n.d.DiscoveryClient [main] Force full registry fetch : false
2023-03-30 13:52:41,419 INFO c.n.d.DiscoveryClient [main] Application is null : false
2023-03-30 13:52:41,419 INFO c.n.d.DiscoveryClient [main] Registered Applications size is zero : true
2023-03-30 13:52:41,419 INFO c.n.d.DiscoveryClient [main] Application version is -1: true
2023-03-30 13:52:41,419 INFO c.n.d.DiscoveryClient [main] Getting all instance registry info from the eureka server
2023-03-30 13:52:41,708 INFO c.n.d.DiscoveryClient [main] The response status is 200
2023-03-30 13:52:41,710 INFO c.n.d.DiscoveryClient [main] Starting heartbeat executor: renew interval is: 30
2023-03-30 13:52:41,713 INFO c.n.d.InstanceInfoReplicator [main] InstanceInfoReplicator onDemand update allowed rate per min is 4
2023-03-30 13:52:41,718 INFO c.n.d.DiscoveryClient [main] Discovery Client initialized at timestamp 1680164561717 with initial instances count: 1
2023-03-30 13:52:41,720 INFO o.s.c.n.e.s.EurekaServiceRegistry [main] Registering application DB-HOTELS-SERVICE with eureka with status UP
2023-03-30 13:52:41,720 INFO c.n.d.DiscoveryClient$3 [main] Saw local status change event StatusChangeEvent [timestamp=1680164561720, current=UP, previous=STARTING]
2023-03-30 13:52:41,722 INFO c.n.d.DiscoveryClient [DiscoveryClient-InstanceInfoReplicator-0] DiscoveryClient_DB-HOTELS-SERVICE/IN-HD1Z2J3.Nagarro.local:db-hotels-service:7501: registering service...
2023-03-30 13:52:41,723 INFO o.a.j.l.DirectJDKLog [main] Starting ProtocolHandler ["http-nio-7501"]
2023-03-30 13:52:41,743 INFO o.s.b.w.e.t.TomcatWebServer [main] Tomcat started on port(s): 7501 (http) with context path ''
2023-03-30 13:52:41,744 INFO o.s.c.n.e.s.EurekaAutoServiceRegistration [main] Updating port to 7501
2023-03-30 13:52:41,757 INFO c.n.d.DiscoveryClient [DiscoveryClient-InstanceInfoReplicator-0] DiscoveryClient_DB-HOTELS-SERVICE/IN-HD1Z2J3.Nagarro.local:db-hotels-service:7501 - registration status: 204
2023-03-30 13:52:41,889 INFO o.s.b.StartupInfoLogger [main] Started DbHotelsServiceApplication in 2.802 seconds (JVM running for 3.649)
