2023-03-30 22:52:21,741 INFO o.s.b.StartupInfoLogger [main] Starting BookingServiceApplication using Java 17.0.4.1 on IN-HD1Z2J3 with PID 21056 (C:\Users\varindersingh01\Desktop\NAGP\Microservices Assignment Implementation\booking-service\target\classes started by varindersingh01 in C:\Users\varindersingh01\Desktop\NAGP\Microservices Assignment Implementation\booking-service)
2023-03-30 22:52:21,754 INFO o.s.b.SpringApplication [main] No active profile set, falling back to 1 default profile: "default"
2023-03-30 22:52:22,676 INFO o.s.c.c.s.GenericScope [main] BeanFactory id=200906bd-219e-34d3-876e-e8765136e0e0
2023-03-30 22:52:23,008 INFO o.s.b.w.e.t.TomcatWebServer [main] Tomcat initialized with port(s): 6000 (http)
2023-03-30 22:52:23,025 INFO o.a.j.l.DirectJDKLog [main] Initializing ProtocolHandler ["http-nio-6000"]
2023-03-30 22:52:23,026 INFO o.a.j.l.DirectJDKLog [main] Starting service [Tomcat]
2023-03-30 22:52:23,027 INFO o.a.j.l.DirectJDKLog [main] Starting Servlet engine: [Apache Tomcat/9.0.73]
2023-03-30 22:52:23,221 INFO o.a.j.l.DirectJDKLog [main] Initializing Spring embedded WebApplicationContext
2023-03-30 22:52:23,222 INFO o.s.b.w.s.c.ServletWebServerApplicationContext [main] Root WebApplicationContext: initialization completed in 1417 ms
2023-03-30 22:52:24,220 INFO o.s.c.n.e.c.DiscoveryClientOptionalArgsConfiguration [main] Eureka HTTP Client uses RestTemplate.
2023-03-30 22:52:24,580 WARN o.s.c.l.c.LoadBalancerCacheAutoConfiguration$LoadBalancerCaffeineWarnLogger [main] Spring Cloud LoadBalancer is currently working with the default cache. While this cache implementation is useful for development and tests, it's recommended to use Caffeine cache in production.You can switch to using Caffeine cache, by adding it and org.springframework.cache.caffeine.CaffeineCacheManager to the classpath.
2023-03-30 22:52:24,669 INFO o.s.c.n.e.InstanceInfoFactory [main] Setting initial instance status as: STARTING
2023-03-30 22:52:24,718 INFO c.n.d.DiscoveryClient [main] Initializing Eureka in region us-east-1
2023-03-30 22:52:24,724 INFO c.n.d.s.r.a.ConfigClusterResolver [main] Resolving eureka endpoints via configuration
2023-03-30 22:52:24,748 INFO c.n.d.DiscoveryClient [main] Disable delta property : false
2023-03-30 22:52:24,748 INFO c.n.d.DiscoveryClient [main] Single vip registry refresh property : null
2023-03-30 22:52:24,749 INFO c.n.d.DiscoveryClient [main] Force full registry fetch : false
2023-03-30 22:52:24,749 INFO c.n.d.DiscoveryClient [main] Application is null : false
2023-03-30 22:52:24,749 INFO c.n.d.DiscoveryClient [main] Registered Applications size is zero : true
2023-03-30 22:52:24,749 INFO c.n.d.DiscoveryClient [main] Application version is -1: true
2023-03-30 22:52:24,749 INFO c.n.d.DiscoveryClient [main] Getting all instance registry info from the eureka server
2023-03-30 22:52:25,141 INFO c.n.d.DiscoveryClient [main] The response status is 200
2023-03-30 22:52:25,144 INFO c.n.d.DiscoveryClient [main] Starting heartbeat executor: renew interval is: 30
2023-03-30 22:52:25,148 INFO c.n.d.InstanceInfoReplicator [main] InstanceInfoReplicator onDemand update allowed rate per min is 4
2023-03-30 22:52:25,154 INFO c.n.d.DiscoveryClient [main] Discovery Client initialized at timestamp 1680196945153 with initial instances count: 8
2023-03-30 22:52:25,156 INFO o.s.c.n.e.s.EurekaServiceRegistry [main] Registering application BOOKING-SERVICE with eureka with status UP
2023-03-30 22:52:25,158 INFO c.n.d.DiscoveryClient$3 [main] Saw local status change event StatusChangeEvent [timestamp=1680196945158, current=UP, previous=STARTING]
2023-03-30 22:52:25,161 INFO c.n.d.DiscoveryClient [DiscoveryClient-InstanceInfoReplicator-0] DiscoveryClient_BOOKING-SERVICE/IN-HD1Z2J3.Nagarro.local:booking-service:6000: registering service...
2023-03-30 22:52:25,163 INFO o.a.j.l.DirectJDKLog [main] Starting ProtocolHandler ["http-nio-6000"]
2023-03-30 22:52:25,196 INFO o.s.b.w.e.t.TomcatWebServer [main] Tomcat started on port(s): 6000 (http) with context path ''
2023-03-30 22:52:25,199 INFO o.s.c.n.e.s.EurekaAutoServiceRegistration [main] Updating port to 6000
2023-03-30 22:52:25,214 INFO c.n.d.DiscoveryClient [DiscoveryClient-InstanceInfoReplicator-0] DiscoveryClient_BOOKING-SERVICE/IN-HD1Z2J3.Nagarro.local:booking-service:6000 - registration status: 204
2023-03-30 22:52:25,548 INFO o.s.b.StartupInfoLogger [main] Started BookingServiceApplication in 4.479 seconds (JVM running for 5.653)
